SF:/home/lemon/src/rust-automata/packages/vass-reach-lib/src/automaton/algorithms.rs
FN:82,_RNCNvYINtNtNtCs2hUxDLYgi0n_14vass_reach_lib9automaton3dfa3DFAuNtNtNtB9_3cfg6update16CFGCounterUpdateEINtNtB9_10algorithms23EdgeAutomatonAlgorithmsNtB9_13DeterministicE11to_graphviz0Bb_
FN:109,_RNCNvYINtNtNtCs2hUxDLYgi0n_14vass_reach_lib9automaton3dfa3DFAuNtNtNtB9_3cfg6update16CFGCounterUpdateEINtNtB9_10algorithms23EdgeAutomatonAlgorithmsNtB9_13DeterministicE11to_graphvizs0_0Bb_
FN:129,_RNCNvYINtNtNtCs2hUxDLYgi0n_14vass_reach_lib9automaton3dfa3DFAuNtNtNtB9_3cfg6update16CFGCounterUpdateEINtNtB9_10algorithms23EdgeAutomatonAlgorithmsNtB9_13DeterministicE11to_graphvizs1_0Bb_
FN:89,_RNCNvYINtNtNtCs2hUxDLYgi0n_14vass_reach_lib9automaton3dfa3DFAuNtNtNtB9_3cfg6update16CFGCounterUpdateEINtNtB9_10algorithms23EdgeAutomatonAlgorithmsNtB9_13DeterministicE11to_graphvizs_0Bb_
FN:67,_RNvYINtNtNtCs2hUxDLYgi0n_14vass_reach_lib9automaton3dfa3DFAuNtNtNtB7_3cfg6update16CFGCounterUpdateEINtNtB7_10algorithms23EdgeAutomatonAlgorithmsNtB7_13DeterministicE11to_graphvizB9_
FN:16,_RNvYpINtNtNtCs2hUxDLYgi0n_14vass_reach_lib9automaton10algorithms19AutomatonAlgorithmspE20find_scc_surroundingBa_
FN:16,_RNvYINtNtNtCs2hUxDLYgi0n_14vass_reach_lib9automaton3dfa3DFAuNtNtNtB7_3cfg6update16CFGCounterUpdateEINtNtB7_10algorithms19AutomatonAlgorithmsNtB7_13DeterministicE20find_scc_surroundingCsjA5qX5JEwPT_16graph_algorithms
FN:82,_RNCNvYpINtNtNtCs8RRi2RJs6bh_14vass_reach_lib9automaton10algorithms23EdgeAutomatonAlgorithmspE11to_graphviz0Bc_
FN:109,_RNCNvYpINtNtNtCs8RRi2RJs6bh_14vass_reach_lib9automaton10algorithms23EdgeAutomatonAlgorithmspE11to_graphvizs0_0Bc_
FN:129,_RNCNvYpINtNtNtCs8RRi2RJs6bh_14vass_reach_lib9automaton10algorithms23EdgeAutomatonAlgorithmspE11to_graphvizs1_0Bc_
FN:89,_RNCNvYpINtNtNtCs8RRi2RJs6bh_14vass_reach_lib9automaton10algorithms23EdgeAutomatonAlgorithmspE11to_graphvizs_0Bc_
FN:16,_RNvYpINtNtNtCs8RRi2RJs6bh_14vass_reach_lib9automaton10algorithms19AutomatonAlgorithmspE20find_scc_surroundingBa_
FN:67,_RNvYpINtNtNtCs8RRi2RJs6bh_14vass_reach_lib9automaton10algorithms23EdgeAutomatonAlgorithmspE11to_graphvizBa_
FNDA:0,_RNCNvYINtNtNtCs2hUxDLYgi0n_14vass_reach_lib9automaton3dfa3DFAuNtNtNtB9_3cfg6update16CFGCounterUpdateEINtNtB9_10algorithms23EdgeAutomatonAlgorithmsNtB9_13DeterministicE11to_graphviz0Bb_
FNDA:0,_RNCNvYINtNtNtCs2hUxDLYgi0n_14vass_reach_lib9automaton3dfa3DFAuNtNtNtB9_3cfg6update16CFGCounterUpdateEINtNtB9_10algorithms23EdgeAutomatonAlgorithmsNtB9_13DeterministicE11to_graphvizs0_0Bb_
FNDA:0,_RNCNvYINtNtNtCs2hUxDLYgi0n_14vass_reach_lib9automaton3dfa3DFAuNtNtNtB9_3cfg6update16CFGCounterUpdateEINtNtB9_10algorithms23EdgeAutomatonAlgorithmsNtB9_13DeterministicE11to_graphvizs1_0Bb_
FNDA:0,_RNCNvYINtNtNtCs2hUxDLYgi0n_14vass_reach_lib9automaton3dfa3DFAuNtNtNtB9_3cfg6update16CFGCounterUpdateEINtNtB9_10algorithms23EdgeAutomatonAlgorithmsNtB9_13DeterministicE11to_graphvizs_0Bb_
FNDA:0,_RNvYINtNtNtCs2hUxDLYgi0n_14vass_reach_lib9automaton3dfa3DFAuNtNtNtB7_3cfg6update16CFGCounterUpdateEINtNtB7_10algorithms23EdgeAutomatonAlgorithmsNtB7_13DeterministicE11to_graphvizB9_
FNDA:0,_RNvYpINtNtNtCs2hUxDLYgi0n_14vass_reach_lib9automaton10algorithms19AutomatonAlgorithmspE20find_scc_surroundingBa_
FNDA:1,_RNvYINtNtNtCs2hUxDLYgi0n_14vass_reach_lib9automaton3dfa3DFAuNtNtNtB7_3cfg6update16CFGCounterUpdateEINtNtB7_10algorithms19AutomatonAlgorithmsNtB7_13DeterministicE20find_scc_surroundingCsjA5qX5JEwPT_16graph_algorithms
FNDA:0,_RNCNvYpINtNtNtCs8RRi2RJs6bh_14vass_reach_lib9automaton10algorithms23EdgeAutomatonAlgorithmspE11to_graphviz0Bc_
FNDA:0,_RNCNvYpINtNtNtCs8RRi2RJs6bh_14vass_reach_lib9automaton10algorithms23EdgeAutomatonAlgorithmspE11to_graphvizs0_0Bc_
FNDA:0,_RNCNvYpINtNtNtCs8RRi2RJs6bh_14vass_reach_lib9automaton10algorithms23EdgeAutomatonAlgorithmspE11to_graphvizs1_0Bc_
FNDA:0,_RNCNvYpINtNtNtCs8RRi2RJs6bh_14vass_reach_lib9automaton10algorithms23EdgeAutomatonAlgorithmspE11to_graphvizs_0Bc_
FNDA:0,_RNvYpINtNtNtCs8RRi2RJs6bh_14vass_reach_lib9automaton10algorithms19AutomatonAlgorithmspE20find_scc_surroundingBa_
FNDA:0,_RNvYpINtNtNtCs8RRi2RJs6bh_14vass_reach_lib9automaton10algorithms23EdgeAutomatonAlgorithmspE11to_graphvizBa_
FNF:6
FNH:1
DA:16,1
DA:17,1
DA:18,1
DA:19,1
DA:20,1
DA:22,1
DA:23,1
DA:24,1
DA:26,12
DA:27,11
DA:28,6
DA:29,6
DA:31,11
DA:32,19
DA:33,19
DA:34,5
DA:35,5
DA:36,5
DA:37,5
DA:38,14
DA:39,13
DA:40,13
DA:41,13
DA:42,7
DA:45,11
DA:46,6
DA:47,6
DA:48,6
DA:49,6
DA:50,5
DA:53,1
DA:54,1
DA:67,0
DA:68,0
DA:69,0
DA:70,0
DA:71,0
DA:72,0
DA:73,0
DA:74,0
DA:75,0
DA:76,0
DA:77,0
DA:78,0
DA:80,0
DA:81,0
DA:82,0
DA:83,0
DA:85,0
DA:87,0
DA:88,0
DA:89,0
DA:90,0
DA:92,0
DA:94,0
DA:95,0
DA:97,0
DA:98,0
DA:100,0
DA:101,0
DA:102,0
DA:103,0
DA:104,0
DA:106,0
DA:108,0
DA:109,0
DA:113,0
DA:114,0
DA:116,0
DA:117,0
DA:118,0
DA:119,0
DA:120,0
DA:122,0
DA:123,0
DA:125,0
DA:127,0
DA:128,0
DA:129,0
DA:133,0
DA:135,0
DA:136,0
BRF:0
BRH:0
LF:86
LH:32
end_of_record
SF:/home/lemon/src/rust-automata/packages/vass-reach-lib/src/automaton/cfg/modulo.rs
FN:132,_RNCNvXs0_NtNtNtCs2hUxDLYgi0n_14vass_reach_lib9automaton3cfg6moduloNtB7_9ModuloCFGINtBb_9AutomatonNtBb_13DeterministicE10node_count0Bd_
FN:154,_RNCNvXs1_NtNtNtCs2hUxDLYgi0n_14vass_reach_lib9automaton3cfg6moduloNtB7_9ModuloCFGINtBb_16TransitionSystemNtBb_13DeterministicE10successors0Bd_
FN:164,_RNCNvXs1_NtNtNtCs2hUxDLYgi0n_14vass_reach_lib9automaton3cfg6moduloNtB7_9ModuloCFGINtBb_16TransitionSystemNtBb_13DeterministicE12predecessors0Bd_
FN:92,_RNvMNtNtNtCs2hUxDLYgi0n_14vass_reach_lib9automaton3cfg6moduloNtB2_9ModuloCFG16counter_to_index
FN:107,_RNvMNtNtNtCs2hUxDLYgi0n_14vass_reach_lib9automaton3cfg6moduloNtB2_9ModuloCFG16index_to_counter
FN:84,_RNvMNtNtNtCs2hUxDLYgi0n_14vass_reach_lib9automaton3cfg6moduloNtB2_9ModuloCFG2mu
FN:27,_RNvMNtNtNtCs2hUxDLYgi0n_14vass_reach_lib9automaton3cfg6moduloNtB2_9ModuloCFG3new
FN:88,_RNvMNtNtNtCs2hUxDLYgi0n_14vass_reach_lib9automaton3cfg6moduloNtB2_9ModuloCFG6get_mu
FN:68,_RNvMNtNtNtCs2hUxDLYgi0n_14vass_reach_lib9automaton3cfg6moduloNtB2_9ModuloCFG7initial
FN:131,_RNvXs0_NtNtNtCs2hUxDLYgi0n_14vass_reach_lib9automaton3cfg6moduloNtB5_9ModuloCFGINtB9_9AutomatonNtB9_13DeterministicE10node_count
FN:139,_RNvXs0_NtNtNtCs2hUxDLYgi0n_14vass_reach_lib9automaton3cfg6moduloNtB5_9ModuloCFGINtB9_9AutomatonNtB9_13DeterministicE18get_node_unchecked
FN:135,_RNvXs0_NtNtNtCs2hUxDLYgi0n_14vass_reach_lib9automaton3cfg6moduloNtB5_9ModuloCFGINtB9_9AutomatonNtB9_13DeterministicE8get_node
FN:151,_RNvXs1_NtNtNtCs2hUxDLYgi0n_14vass_reach_lib9automaton3cfg6moduloNtB5_9ModuloCFGINtB9_16TransitionSystemNtB9_13DeterministicE10successors
FN:161,_RNvXs1_NtNtNtCs2hUxDLYgi0n_14vass_reach_lib9automaton3cfg6moduloNtB5_9ModuloCFGINtB9_16TransitionSystemNtB9_13DeterministicE12predecessors
FN:145,_RNvXs1_NtNtNtCs2hUxDLYgi0n_14vass_reach_lib9automaton3cfg6moduloNtB5_9ModuloCFGINtB9_16TransitionSystemNtB9_13DeterministicE9successor
FN:173,_RNvXs2_NtNtNtCs2hUxDLYgi0n_14vass_reach_lib9automaton3cfg6moduloNtB5_9ModuloCFGINtB9_20InitializedAutomatonNtB9_13DeterministicE11get_initial
FN:177,_RNvXs2_NtNtNtCs2hUxDLYgi0n_14vass_reach_lib9automaton3cfg6moduloNtB5_9ModuloCFGINtB9_20InitializedAutomatonNtB9_13DeterministicE12is_accepting
FN:183,_RNvXs3_NtNtNtCs2hUxDLYgi0n_14vass_reach_lib9automaton3cfg6moduloNtB5_9ModuloCFGINtB9_25SingleFinalStateAutomatonNtB9_13DeterministicE9get_final
FN:187,_RNvXs3_NtNtNtCs2hUxDLYgi0n_14vass_reach_lib9automaton3cfg6moduloNtB5_9ModuloCFGINtB9_25SingleFinalStateAutomatonNtB9_13DeterministicE9set_final
FN:121,_RNvXs_NtNtNtCs2hUxDLYgi0n_14vass_reach_lib9automaton3cfg6moduloNtB4_9ModuloCFGNtB8_8Alphabet8alphabet
FN:195,_RINvXs4_NtNtNtCs2hUxDLYgi0n_14vass_reach_lib9automaton3cfg6moduloNtB6_9ModuloCFGNtBa_8Language7acceptspEBc_
FN:195,_RINvXs4_NtNtNtCs8RRi2RJs6bh_14vass_reach_lib9automaton3cfg6moduloNtB6_9ModuloCFGNtBa_8Language7acceptspEBc_
FN:132,_RNCNvXs0_NtNtNtCs8RRi2RJs6bh_14vass_reach_lib9automaton3cfg6moduloNtB7_9ModuloCFGINtBb_9AutomatonNtBb_13DeterministicE10node_count0Bd_
FN:154,_RNCNvXs1_NtNtNtCs8RRi2RJs6bh_14vass_reach_lib9automaton3cfg6moduloNtB7_9ModuloCFGINtBb_16TransitionSystemNtBb_13DeterministicE10successors0Bd_
FN:164,_RNCNvXs1_NtNtNtCs8RRi2RJs6bh_14vass_reach_lib9automaton3cfg6moduloNtB7_9ModuloCFGINtBb_16TransitionSystemNtBb_13DeterministicE12predecessors0Bd_
FN:84,_RNvMNtNtNtCs8RRi2RJs6bh_14vass_reach_lib9automaton3cfg6moduloNtB2_9ModuloCFG2mu
FN:88,_RNvMNtNtNtCs8RRi2RJs6bh_14vass_reach_lib9automaton3cfg6moduloNtB2_9ModuloCFG6get_mu
FN:68,_RNvMNtNtNtCs8RRi2RJs6bh_14vass_reach_lib9automaton3cfg6moduloNtB2_9ModuloCFG7initial
FN:131,_RNvXs0_NtNtNtCs8RRi2RJs6bh_14vass_reach_lib9automaton3cfg6moduloNtB5_9ModuloCFGINtB9_9AutomatonNtB9_13DeterministicE10node_count
FN:139,_RNvXs0_NtNtNtCs8RRi2RJs6bh_14vass_reach_lib9automaton3cfg6moduloNtB5_9ModuloCFGINtB9_9AutomatonNtB9_13DeterministicE18get_node_unchecked
FN:135,_RNvXs0_NtNtNtCs8RRi2RJs6bh_14vass_reach_lib9automaton3cfg6moduloNtB5_9ModuloCFGINtB9_9AutomatonNtB9_13DeterministicE8get_node
FN:151,_RNvXs1_NtNtNtCs8RRi2RJs6bh_14vass_reach_lib9automaton3cfg6moduloNtB5_9ModuloCFGINtB9_16TransitionSystemNtB9_13DeterministicE10successors
FN:161,_RNvXs1_NtNtNtCs8RRi2RJs6bh_14vass_reach_lib9automaton3cfg6moduloNtB5_9ModuloCFGINtB9_16TransitionSystemNtB9_13DeterministicE12predecessors
FN:173,_RNvXs2_NtNtNtCs8RRi2RJs6bh_14vass_reach_lib9automaton3cfg6moduloNtB5_9ModuloCFGINtB9_20InitializedAutomatonNtB9_13DeterministicE11get_initial
FN:177,_RNvXs2_NtNtNtCs8RRi2RJs6bh_14vass_reach_lib9automaton3cfg6moduloNtB5_9ModuloCFGINtB9_20InitializedAutomatonNtB9_13DeterministicE12is_accepting
FN:183,_RNvXs3_NtNtNtCs8RRi2RJs6bh_14vass_reach_lib9automaton3cfg6moduloNtB5_9ModuloCFGINtB9_25SingleFinalStateAutomatonNtB9_13DeterministicE9get_final
FN:187,_RNvXs3_NtNtNtCs8RRi2RJs6bh_14vass_reach_lib9automaton3cfg6moduloNtB5_9ModuloCFGINtB9_25SingleFinalStateAutomatonNtB9_13DeterministicE9set_final
FN:121,_RNvXs_NtNtNtCs8RRi2RJs6bh_14vass_reach_lib9automaton3cfg6moduloNtB4_9ModuloCFGNtB8_8Alphabet8alphabet
FN:236,_RNvNtNtNtNtCs8RRi2RJs6bh_14vass_reach_lib9automaton3cfg6modulo5testss_14test_successor
FN:218,_RNvNtNtNtNtCs8RRi2RJs6bh_14vass_reach_lib9automaton3cfg6modulo5testss_29test_counter_index_conversion
FN:227,_RNvNtNtNtNtCs8RRi2RJs6bh_14vass_reach_lib9automaton3cfg6modulo5testss_29test_index_counter_conversion
FN:92,_RNvMNtNtNtCs8RRi2RJs6bh_14vass_reach_lib9automaton3cfg6moduloNtB2_9ModuloCFG16counter_to_index
FN:107,_RNvMNtNtNtCs8RRi2RJs6bh_14vass_reach_lib9automaton3cfg6moduloNtB2_9ModuloCFG16index_to_counter
FN:27,_RNvMNtNtNtCs8RRi2RJs6bh_14vass_reach_lib9automaton3cfg6moduloNtB2_9ModuloCFG3new
FN:145,_RNvXs1_NtNtNtCs8RRi2RJs6bh_14vass_reach_lib9automaton3cfg6moduloNtB5_9ModuloCFGINtB9_16TransitionSystemNtB9_13DeterministicE9successor
FNDA:0,_RNCNvXs0_NtNtNtCs2hUxDLYgi0n_14vass_reach_lib9automaton3cfg6moduloNtB7_9ModuloCFGINtBb_9AutomatonNtBb_13DeterministicE10node_count0Bd_
FNDA:0,_RNCNvXs1_NtNtNtCs2hUxDLYgi0n_14vass_reach_lib9automaton3cfg6moduloNtB7_9ModuloCFGINtBb_16TransitionSystemNtBb_13DeterministicE10successors0Bd_
FNDA:0,_RNCNvXs1_NtNtNtCs2hUxDLYgi0n_14vass_reach_lib9automaton3cfg6moduloNtB7_9ModuloCFGINtBb_16TransitionSystemNtBb_13DeterministicE12predecessors0Bd_
FNDA:0,_RNvMNtNtNtCs2hUxDLYgi0n_14vass_reach_lib9automaton3cfg6moduloNtB2_9ModuloCFG16counter_to_index
FNDA:0,_RNvMNtNtNtCs2hUxDLYgi0n_14vass_reach_lib9automaton3cfg6moduloNtB2_9ModuloCFG16index_to_counter
FNDA:0,_RNvMNtNtNtCs2hUxDLYgi0n_14vass_reach_lib9automaton3cfg6moduloNtB2_9ModuloCFG2mu
FNDA:0,_RNvMNtNtNtCs2hUxDLYgi0n_14vass_reach_lib9automaton3cfg6moduloNtB2_9ModuloCFG3new
FNDA:0,_RNvMNtNtNtCs2hUxDLYgi0n_14vass_reach_lib9automaton3cfg6moduloNtB2_9ModuloCFG6get_mu
FNDA:0,_RNvMNtNtNtCs2hUxDLYgi0n_14vass_reach_lib9automaton3cfg6moduloNtB2_9ModuloCFG7initial
FNDA:0,_RNvXs0_NtNtNtCs2hUxDLYgi0n_14vass_reach_lib9automaton3cfg6moduloNtB5_9ModuloCFGINtB9_9AutomatonNtB9_13DeterministicE10node_count
FNDA:0,_RNvXs0_NtNtNtCs2hUxDLYgi0n_14vass_reach_lib9automaton3cfg6moduloNtB5_9ModuloCFGINtB9_9AutomatonNtB9_13DeterministicE18get_node_unchecked
FNDA:0,_RNvXs0_NtNtNtCs2hUxDLYgi0n_14vass_reach_lib9automaton3cfg6moduloNtB5_9ModuloCFGINtB9_9AutomatonNtB9_13DeterministicE8get_node
FNDA:0,_RNvXs1_NtNtNtCs2hUxDLYgi0n_14vass_reach_lib9automaton3cfg6moduloNtB5_9ModuloCFGINtB9_16TransitionSystemNtB9_13DeterministicE10successors
FNDA:0,_RNvXs1_NtNtNtCs2hUxDLYgi0n_14vass_reach_lib9automaton3cfg6moduloNtB5_9ModuloCFGINtB9_16TransitionSystemNtB9_13DeterministicE12predecessors
FNDA:0,_RNvXs1_NtNtNtCs2hUxDLYgi0n_14vass_reach_lib9automaton3cfg6moduloNtB5_9ModuloCFGINtB9_16TransitionSystemNtB9_13DeterministicE9successor
FNDA:0,_RNvXs2_NtNtNtCs2hUxDLYgi0n_14vass_reach_lib9automaton3cfg6moduloNtB5_9ModuloCFGINtB9_20InitializedAutomatonNtB9_13DeterministicE11get_initial
FNDA:0,_RNvXs2_NtNtNtCs2hUxDLYgi0n_14vass_reach_lib9automaton3cfg6moduloNtB5_9ModuloCFGINtB9_20InitializedAutomatonNtB9_13DeterministicE12is_accepting
FNDA:0,_RNvXs3_NtNtNtCs2hUxDLYgi0n_14vass_reach_lib9automaton3cfg6moduloNtB5_9ModuloCFGINtB9_25SingleFinalStateAutomatonNtB9_13DeterministicE9get_final
FNDA:0,_RNvXs3_NtNtNtCs2hUxDLYgi0n_14vass_reach_lib9automaton3cfg6moduloNtB5_9ModuloCFGINtB9_25SingleFinalStateAutomatonNtB9_13DeterministicE9set_final
FNDA:0,_RNvXs_NtNtNtCs2hUxDLYgi0n_14vass_reach_lib9automaton3cfg6moduloNtB4_9ModuloCFGNtB8_8Alphabet8alphabet
FNDA:0,_RINvXs4_NtNtNtCs2hUxDLYgi0n_14vass_reach_lib9automaton3cfg6moduloNtB6_9ModuloCFGNtBa_8Language7acceptspEBc_
FNDA:0,_RINvXs4_NtNtNtCs8RRi2RJs6bh_14vass_reach_lib9automaton3cfg6moduloNtB6_9ModuloCFGNtBa_8Language7acceptspEBc_
FNDA:0,_RNCNvXs0_NtNtNtCs8RRi2RJs6bh_14vass_reach_lib9automaton3cfg6moduloNtB7_9ModuloCFGINtBb_9AutomatonNtBb_13DeterministicE10node_count0Bd_
FNDA:0,_RNCNvXs1_NtNtNtCs8RRi2RJs6bh_14vass_reach_lib9automaton3cfg6moduloNtB7_9ModuloCFGINtBb_16TransitionSystemNtBb_13DeterministicE10successors0Bd_
FNDA:0,_RNCNvXs1_NtNtNtCs8RRi2RJs6bh_14vass_reach_lib9automaton3cfg6moduloNtB7_9ModuloCFGINtBb_16TransitionSystemNtBb_13DeterministicE12predecessors0Bd_
FNDA:0,_RNvMNtNtNtCs8RRi2RJs6bh_14vass_reach_lib9automaton3cfg6moduloNtB2_9ModuloCFG2mu
FNDA:0,_RNvMNtNtNtCs8RRi2RJs6bh_14vass_reach_lib9automaton3cfg6moduloNtB2_9ModuloCFG6get_mu
FNDA:0,_RNvMNtNtNtCs8RRi2RJs6bh_14vass_reach_lib9automaton3cfg6moduloNtB2_9ModuloCFG7initial
FNDA:0,_RNvXs0_NtNtNtCs8RRi2RJs6bh_14vass_reach_lib9automaton3cfg6moduloNtB5_9ModuloCFGINtB9_9AutomatonNtB9_13DeterministicE10node_count
FNDA:0,_RNvXs0_NtNtNtCs8RRi2RJs6bh_14vass_reach_lib9automaton3cfg6moduloNtB5_9ModuloCFGINtB9_9AutomatonNtB9_13DeterministicE18get_node_unchecked
FNDA:0,_RNvXs0_NtNtNtCs8RRi2RJs6bh_14vass_reach_lib9automaton3cfg6moduloNtB5_9ModuloCFGINtB9_9AutomatonNtB9_13DeterministicE8get_node
FNDA:0,_RNvXs1_NtNtNtCs8RRi2RJs6bh_14vass_reach_lib9automaton3cfg6moduloNtB5_9ModuloCFGINtB9_16TransitionSystemNtB9_13DeterministicE10successors
FNDA:0,_RNvXs1_NtNtNtCs8RRi2RJs6bh_14vass_reach_lib9automaton3cfg6moduloNtB5_9ModuloCFGINtB9_16TransitionSystemNtB9_13DeterministicE12predecessors
FNDA:0,_RNvXs2_NtNtNtCs8RRi2RJs6bh_14vass_reach_lib9automaton3cfg6moduloNtB5_9ModuloCFGINtB9_20InitializedAutomatonNtB9_13DeterministicE11get_initial
FNDA:0,_RNvXs2_NtNtNtCs8RRi2RJs6bh_14vass_reach_lib9automaton3cfg6moduloNtB5_9ModuloCFGINtB9_20InitializedAutomatonNtB9_13DeterministicE12is_accepting
FNDA:0,_RNvXs3_NtNtNtCs8RRi2RJs6bh_14vass_reach_lib9automaton3cfg6moduloNtB5_9ModuloCFGINtB9_25SingleFinalStateAutomatonNtB9_13DeterministicE9get_final
FNDA:0,_RNvXs3_NtNtNtCs8RRi2RJs6bh_14vass_reach_lib9automaton3cfg6moduloNtB5_9ModuloCFGINtB9_25SingleFinalStateAutomatonNtB9_13DeterministicE9set_final
FNDA:0,_RNvXs_NtNtNtCs8RRi2RJs6bh_14vass_reach_lib9automaton3cfg6moduloNtB4_9ModuloCFGNtB8_8Alphabet8alphabet
FNDA:1,_RNvNtNtNtNtCs8RRi2RJs6bh_14vass_reach_lib9automaton3cfg6modulo5testss_14test_successor
FNDA:1,_RNvNtNtNtNtCs8RRi2RJs6bh_14vass_reach_lib9automaton3cfg6modulo5testss_29test_counter_index_conversion
FNDA:1,_RNvNtNtNtNtCs8RRi2RJs6bh_14vass_reach_lib9automaton3cfg6modulo5testss_29test_index_counter_conversion
FNDA:10,_RNvMNtNtNtCs8RRi2RJs6bh_14vass_reach_lib9automaton3cfg6moduloNtB2_9ModuloCFG16counter_to_index
FNDA:4,_RNvMNtNtNtCs8RRi2RJs6bh_14vass_reach_lib9automaton3cfg6moduloNtB2_9ModuloCFG16index_to_counter
FNDA:3,_RNvMNtNtNtCs8RRi2RJs6bh_14vass_reach_lib9automaton3cfg6moduloNtB2_9ModuloCFG3new
FNDA:1,_RNvXs1_NtNtNtCs8RRi2RJs6bh_14vass_reach_lib9automaton3cfg6moduloNtB5_9ModuloCFGINtB9_16TransitionSystemNtB9_13DeterministicE9successor
FNF:24
FNH:7
DA:27,3
DA:28,3
DA:29,3
DA:30,3
DA:31,3
DA:32,7
DA:33,7
DA:36,3
DA:37,3
DA:38,3
DA:42,3
DA:43,3
DA:48,3
DA:49,3
DA:51,3
DA:52,3
DA:53,3
DA:54,3
DA:55,3
DA:56,3
DA:57,3
DA:58,3
DA:59,3
DA:62,3
DA:63,3
DA:65,3
DA:66,3
DA:68,0
DA:69,0
DA:70,0
DA:71,0
DA:72,0
DA:73,0
DA:77,0
DA:78,0
DA:79,0
DA:80,0
DA:82,0
DA:84,0
DA:85,0
DA:86,0
DA:88,0
DA:89,0
DA:90,0
DA:92,10
DA:93,10
DA:95,10
DA:96,23
DA:97,23
DA:99,23
DA:100,23
DA:102,23
DA:104,10
DA:105,10
DA:107,4
DA:108,4
DA:109,4
DA:110,9
DA:111,9
DA:112,9
DA:113,9
DA:114,4
DA:115,4
DA:121,0
DA:122,0
DA:123,0
DA:131,0
DA:132,0
DA:133,0
DA:135,0
DA:136,0
DA:137,0
DA:139,0
DA:140,0
DA:141,0
DA:145,1
DA:146,1
DA:147,1
DA:148,1
DA:149,1
DA:151,0
DA:152,0
DA:154,0
DA:155,0
DA:156,0
DA:157,0
DA:158,0
DA:159,0
DA:161,0
DA:162,0
DA:164,0
DA:165,0
DA:166,0
DA:167,0
DA:168,0
DA:169,0
DA:173,0
DA:174,0
DA:175,0
DA:177,0
DA:178,0
DA:179,0
DA:183,0
DA:184,0
DA:185,0
DA:187,0
DA:188,0
DA:189,0
DA:190,0
DA:191,0
DA:195,0
DA:196,0
DA:197,0
DA:199,0
DA:200,0
DA:201,0
DA:202,0
DA:203,0
DA:206,0
DA:207,0
DA:218,1
DA:219,1
DA:220,1
DA:221,1
DA:222,1
DA:223,1
DA:224,1
DA:227,1
DA:228,1
DA:229,1
DA:230,1
DA:231,1
DA:232,1
DA:233,1
DA:236,1
DA:237,1
DA:238,1
DA:239,1
DA:240,1
DA:241,1
DA:242,1
DA:243,1
BRF:0
BRH:0
LF:145
LH:73
end_of_record
SF:/home/lemon/src/rust-automata/packages/vass-reach-lib/src/automaton/cfg/update.rs
FN:202,_RNvXs3_NtNtNtCs2hUxDLYgi0n_14vass_reach_lib9automaton3cfg6updateNtNtNtB9_4vass7counter20VASSCounterValuationNtB5_19CFGCounterUpdatable16apply_cfg_update
FN:210,_RNvXs3_NtNtNtCs2hUxDLYgi0n_14vass_reach_lib9automaton3cfg6updateNtNtNtB9_4vass7counter20VASSCounterValuationNtB5_19CFGCounterUpdatable20apply_cfg_update_mod
FN:220,_RNvXs3_NtNtNtCs2hUxDLYgi0n_14vass_reach_lib9automaton3cfg6updateNtNtNtB9_4vass7counter20VASSCounterValuationNtB5_19CFGCounterUpdatable20can_apply_cfg_update
FN:206,_RNvXs3_NtNtNtCs2hUxDLYgi0n_14vass_reach_lib9automaton3cfg6updateNtNtNtB9_4vass7counter20VASSCounterValuationNtB5_19CFGCounterUpdatable22apply_cfg_update_times
FN:215,_RNvXs3_NtNtNtCs2hUxDLYgi0n_14vass_reach_lib9automaton3cfg6updateNtNtNtB9_4vass7counter20VASSCounterValuationNtB5_19CFGCounterUpdatable26apply_cfg_update_mod_slice
FN:79,_RNCNvMNtNtNtCs2hUxDLYgi0n_14vass_reach_lib9automaton3cfg6updateNtB4_16CFGCounterUpdate8alphabet0Ba_
FN:80,_RNCNvMNtNtNtCs2hUxDLYgi0n_14vass_reach_lib9automaton3cfg6updateNtB4_16CFGCounterUpdate8alphabets_0Ba_
FN:166,_RNCNvMs2_NtNtNtCs2hUxDLYgi0n_14vass_reach_lib9automaton3cfg6updateNtB7_16CFGCounterUpdate15from_str_to_vec0Bd_
FN:60,_RNvMNtNtNtCs2hUxDLYgi0n_14vass_reach_lib9automaton3cfg6updateNtB2_16CFGCounterUpdate11to_negative
FN:53,_RNvMNtNtNtCs2hUxDLYgi0n_14vass_reach_lib9automaton3cfg6updateNtB2_16CFGCounterUpdate11to_positive
FN:90,_RNvMNtNtNtCs2hUxDLYgi0n_14vass_reach_lib9automaton3cfg6updateNtB2_16CFGCounterUpdate2op
FN:32,_RNvMNtNtNtCs2hUxDLYgi0n_14vass_reach_lib9automaton3cfg6updateNtB2_16CFGCounterUpdate3new
FN:95,_RNvMNtNtNtCs2hUxDLYgi0n_14vass_reach_lib9automaton3cfg6updateNtB2_16CFGCounterUpdate6op_i64
FN:85,_RNvMNtNtNtCs2hUxDLYgi0n_14vass_reach_lib9automaton3cfg6updateNtB2_16CFGCounterUpdate7counter
FN:67,_RNvMNtNtNtCs2hUxDLYgi0n_14vass_reach_lib9automaton3cfg6updateNtB2_16CFGCounterUpdate7reverse
FN:77,_RNvMNtNtNtCs2hUxDLYgi0n_14vass_reach_lib9automaton3cfg6updateNtB2_16CFGCounterUpdate8alphabet
FN:46,_RNvMNtNtNtCs2hUxDLYgi0n_14vass_reach_lib9automaton3cfg6updateNtB2_16CFGCounterUpdate8negative
FN:39,_RNvMNtNtNtCs2hUxDLYgi0n_14vass_reach_lib9automaton3cfg6updateNtB2_16CFGCounterUpdate8positive
FN:165,_RNvMs2_NtNtNtCs2hUxDLYgi0n_14vass_reach_lib9automaton3cfg6updateNtB5_16CFGCounterUpdate15from_str_to_vec
FN:112,_RNvXs0_NtNtNtCs2hUxDLYgi0n_14vass_reach_lib9automaton3cfg6updateNtB5_16CFGCounterUpdateNtNtCs7xuAoyMVi4A_4core3fmt5Debug3fmt
FN:120,_RNvXs1_NtNtNtCs2hUxDLYgi0n_14vass_reach_lib9automaton3cfg6updateNtB5_16CFGCounterUpdateNtNtNtCs7xuAoyMVi4A_4core3str6traits7FromStr8from_str
FN:101,_RNvXs_NtNtNtCs2hUxDLYgi0n_14vass_reach_lib9automaton3cfg6updateNtB4_16CFGCounterUpdateNtNtCs7xuAoyMVi4A_4core3fmt7Display3fmt
FN:60,_RNvMNtNtNtCs8RRi2RJs6bh_14vass_reach_lib9automaton3cfg6updateNtB2_16CFGCounterUpdate11to_negative
FN:53,_RNvMNtNtNtCs8RRi2RJs6bh_14vass_reach_lib9automaton3cfg6updateNtB2_16CFGCounterUpdate11to_positive
FN:95,_RNvMNtNtNtCs8RRi2RJs6bh_14vass_reach_lib9automaton3cfg6updateNtB2_16CFGCounterUpdate6op_i64
FN:67,_RNvMNtNtNtCs8RRi2RJs6bh_14vass_reach_lib9automaton3cfg6updateNtB2_16CFGCounterUpdate7reverse
FN:46,_RNvMNtNtNtCs8RRi2RJs6bh_14vass_reach_lib9automaton3cfg6updateNtB2_16CFGCounterUpdate8negative
FN:39,_RNvMNtNtNtCs8RRi2RJs6bh_14vass_reach_lib9automaton3cfg6updateNtB2_16CFGCounterUpdate8positive
FN:202,_RNvXs3_NtNtNtCs8RRi2RJs6bh_14vass_reach_lib9automaton3cfg6updateNtNtNtB9_4vass7counter20VASSCounterValuationNtB5_19CFGCounterUpdatable16apply_cfg_update
FN:210,_RNvXs3_NtNtNtCs8RRi2RJs6bh_14vass_reach_lib9automaton3cfg6updateNtNtNtB9_4vass7counter20VASSCounterValuationNtB5_19CFGCounterUpdatable20apply_cfg_update_mod
FN:220,_RNvXs3_NtNtNtCs8RRi2RJs6bh_14vass_reach_lib9automaton3cfg6updateNtNtNtB9_4vass7counter20VASSCounterValuationNtB5_19CFGCounterUpdatable20can_apply_cfg_update
FN:206,_RNvXs3_NtNtNtCs8RRi2RJs6bh_14vass_reach_lib9automaton3cfg6updateNtNtNtB9_4vass7counter20VASSCounterValuationNtB5_19CFGCounterUpdatable22apply_cfg_update_times
FN:79,_RNCNvMNtNtNtCs8RRi2RJs6bh_14vass_reach_lib9automaton3cfg6updateNtB4_16CFGCounterUpdate8alphabet0Ba_
FN:80,_RNCNvMNtNtNtCs8RRi2RJs6bh_14vass_reach_lib9automaton3cfg6updateNtB4_16CFGCounterUpdate8alphabets_0Ba_
FN:166,_RNCNvMs2_NtNtNtCs8RRi2RJs6bh_14vass_reach_lib9automaton3cfg6updateNtB7_16CFGCounterUpdate15from_str_to_vec0Bd_
FN:185,_RNCNvNtNtNtCs8RRi2RJs6bh_14vass_reach_lib9automaton3cfg6updates_30test_cfg_counter_update_parser0B9_
FN:215,_RNvXs3_NtNtNtCs8RRi2RJs6bh_14vass_reach_lib9automaton3cfg6updateNtNtNtB9_4vass7counter20VASSCounterValuationNtB5_19CFGCounterUpdatable26apply_cfg_update_mod_slice
FN:90,_RNvMNtNtNtCs8RRi2RJs6bh_14vass_reach_lib9automaton3cfg6updateNtB2_16CFGCounterUpdate2op
FN:32,_RNvMNtNtNtCs8RRi2RJs6bh_14vass_reach_lib9automaton3cfg6updateNtB2_16CFGCounterUpdate3new
FN:85,_RNvMNtNtNtCs8RRi2RJs6bh_14vass_reach_lib9automaton3cfg6updateNtB2_16CFGCounterUpdate7counter
FN:77,_RNvMNtNtNtCs8RRi2RJs6bh_14vass_reach_lib9automaton3cfg6updateNtB2_16CFGCounterUpdate8alphabet
FN:165,_RNvMs2_NtNtNtCs8RRi2RJs6bh_14vass_reach_lib9automaton3cfg6updateNtB5_16CFGCounterUpdate15from_str_to_vec
FN:171,_RNvNtNtNtCs8RRi2RJs6bh_14vass_reach_lib9automaton3cfg6updates_30test_cfg_counter_update_parser
FN:112,_RNvXs0_NtNtNtCs8RRi2RJs6bh_14vass_reach_lib9automaton3cfg6updateNtB5_16CFGCounterUpdateNtNtCs7xuAoyMVi4A_4core3fmt5Debug3fmt
FN:120,_RNvXs1_NtNtNtCs8RRi2RJs6bh_14vass_reach_lib9automaton3cfg6updateNtB5_16CFGCounterUpdateNtNtNtCs7xuAoyMVi4A_4core3str6traits7FromStr8from_str
FN:101,_RNvXs_NtNtNtCs8RRi2RJs6bh_14vass_reach_lib9automaton3cfg6updateNtB4_16CFGCounterUpdateNtNtCs7xuAoyMVi4A_4core3fmt7Display3fmt
FNDA:84,_RNvXs3_NtNtNtCs2hUxDLYgi0n_14vass_reach_lib9automaton3cfg6updateNtNtNtB9_4vass7counter20VASSCounterValuationNtB5_19CFGCounterUpdatable16apply_cfg_update
FNDA:23594,_RNvXs3_NtNtNtCs2hUxDLYgi0n_14vass_reach_lib9automaton3cfg6updateNtNtNtB9_4vass7counter20VASSCounterValuationNtB5_19CFGCounterUpdatable20apply_cfg_update_mod
FNDA:0,_RNvXs3_NtNtNtCs2hUxDLYgi0n_14vass_reach_lib9automaton3cfg6updateNtNtNtB9_4vass7counter20VASSCounterValuationNtB5_19CFGCounterUpdatable20can_apply_cfg_update
FNDA:0,_RNvXs3_NtNtNtCs2hUxDLYgi0n_14vass_reach_lib9automaton3cfg6updateNtNtNtB9_4vass7counter20VASSCounterValuationNtB5_19CFGCounterUpdatable22apply_cfg_update_times
FNDA:0,_RNvXs3_NtNtNtCs2hUxDLYgi0n_14vass_reach_lib9automaton3cfg6updateNtNtNtB9_4vass7counter20VASSCounterValuationNtB5_19CFGCounterUpdatable26apply_cfg_update_mod_slice
FNDA:1353,_RNCNvMNtNtNtCs2hUxDLYgi0n_14vass_reach_lib9automaton3cfg6updateNtB4_16CFGCounterUpdate8alphabet0Ba_
FNDA:1353,_RNCNvMNtNtNtCs2hUxDLYgi0n_14vass_reach_lib9automaton3cfg6updateNtB4_16CFGCounterUpdate8alphabets_0Ba_
FNDA:24,_RNCNvMs2_NtNtNtCs2hUxDLYgi0n_14vass_reach_lib9automaton3cfg6updateNtB7_16CFGCounterUpdate15from_str_to_vec0Bd_
FNDA:0,_RNvMNtNtNtCs2hUxDLYgi0n_14vass_reach_lib9automaton3cfg6updateNtB2_16CFGCounterUpdate11to_negative
FNDA:0,_RNvMNtNtNtCs2hUxDLYgi0n_14vass_reach_lib9automaton3cfg6updateNtB2_16CFGCounterUpdate11to_positive
FNDA:23777,_RNvMNtNtNtCs2hUxDLYgi0n_14vass_reach_lib9automaton3cfg6updateNtB2_16CFGCounterUpdate2op
FNDA:3119,_RNvMNtNtNtCs2hUxDLYgi0n_14vass_reach_lib9automaton3cfg6updateNtB2_16CFGCounterUpdate3new
FNDA:188,_RNvMNtNtNtCs2hUxDLYgi0n_14vass_reach_lib9automaton3cfg6updateNtB2_16CFGCounterUpdate6op_i64
FNDA:23965,_RNvMNtNtNtCs2hUxDLYgi0n_14vass_reach_lib9automaton3cfg6updateNtB2_16CFGCounterUpdate7counter
FNDA:1731,_RNvMNtNtNtCs2hUxDLYgi0n_14vass_reach_lib9automaton3cfg6updateNtB2_16CFGCounterUpdate7reverse
FNDA:400,_RNvMNtNtNtCs2hUxDLYgi0n_14vass_reach_lib9automaton3cfg6updateNtB2_16CFGCounterUpdate8alphabet
FNDA:83,_RNvMNtNtNtCs2hUxDLYgi0n_14vass_reach_lib9automaton3cfg6updateNtB2_16CFGCounterUpdate8negative
FNDA:83,_RNvMNtNtNtCs2hUxDLYgi0n_14vass_reach_lib9automaton3cfg6updateNtB2_16CFGCounterUpdate8positive
FNDA:1,_RNvMs2_NtNtNtCs2hUxDLYgi0n_14vass_reach_lib9automaton3cfg6updateNtB5_16CFGCounterUpdate15from_str_to_vec
FNDA:0,_RNvXs0_NtNtNtCs2hUxDLYgi0n_14vass_reach_lib9automaton3cfg6updateNtB5_16CFGCounterUpdateNtNtCs7xuAoyMVi4A_4core3fmt5Debug3fmt
FNDA:24,_RNvXs1_NtNtNtCs2hUxDLYgi0n_14vass_reach_lib9automaton3cfg6updateNtB5_16CFGCounterUpdateNtNtNtCs7xuAoyMVi4A_4core3str6traits7FromStr8from_str
FNDA:0,_RNvXs_NtNtNtCs2hUxDLYgi0n_14vass_reach_lib9automaton3cfg6updateNtB4_16CFGCounterUpdateNtNtCs7xuAoyMVi4A_4core3fmt7Display3fmt
FNDA:0,_RNvMNtNtNtCs8RRi2RJs6bh_14vass_reach_lib9automaton3cfg6updateNtB2_16CFGCounterUpdate11to_negative
FNDA:0,_RNvMNtNtNtCs8RRi2RJs6bh_14vass_reach_lib9automaton3cfg6updateNtB2_16CFGCounterUpdate11to_positive
FNDA:0,_RNvMNtNtNtCs8RRi2RJs6bh_14vass_reach_lib9automaton3cfg6updateNtB2_16CFGCounterUpdate6op_i64
FNDA:0,_RNvMNtNtNtCs8RRi2RJs6bh_14vass_reach_lib9automaton3cfg6updateNtB2_16CFGCounterUpdate7reverse
FNDA:0,_RNvMNtNtNtCs8RRi2RJs6bh_14vass_reach_lib9automaton3cfg6updateNtB2_16CFGCounterUpdate8negative
FNDA:0,_RNvMNtNtNtCs8RRi2RJs6bh_14vass_reach_lib9automaton3cfg6updateNtB2_16CFGCounterUpdate8positive
FNDA:0,_RNvXs3_NtNtNtCs8RRi2RJs6bh_14vass_reach_lib9automaton3cfg6updateNtNtNtB9_4vass7counter20VASSCounterValuationNtB5_19CFGCounterUpdatable16apply_cfg_update
FNDA:0,_RNvXs3_NtNtNtCs8RRi2RJs6bh_14vass_reach_lib9automaton3cfg6updateNtNtNtB9_4vass7counter20VASSCounterValuationNtB5_19CFGCounterUpdatable20apply_cfg_update_mod
FNDA:0,_RNvXs3_NtNtNtCs8RRi2RJs6bh_14vass_reach_lib9automaton3cfg6updateNtNtNtB9_4vass7counter20VASSCounterValuationNtB5_19CFGCounterUpdatable20can_apply_cfg_update
FNDA:0,_RNvXs3_NtNtNtCs8RRi2RJs6bh_14vass_reach_lib9automaton3cfg6updateNtNtNtB9_4vass7counter20VASSCounterValuationNtB5_19CFGCounterUpdatable22apply_cfg_update_times
FNDA:7,_RNCNvMNtNtNtCs8RRi2RJs6bh_14vass_reach_lib9automaton3cfg6updateNtB4_16CFGCounterUpdate8alphabet0Ba_
FNDA:7,_RNCNvMNtNtNtCs8RRi2RJs6bh_14vass_reach_lib9automaton3cfg6updateNtB4_16CFGCounterUpdate8alphabets_0Ba_
FNDA:4,_RNCNvMs2_NtNtNtCs8RRi2RJs6bh_14vass_reach_lib9automaton3cfg6updateNtB7_16CFGCounterUpdate15from_str_to_vec0Bd_
FNDA:4,_RNCNvNtNtNtCs8RRi2RJs6bh_14vass_reach_lib9automaton3cfg6updates_30test_cfg_counter_update_parser0B9_
FNDA:1,_RNvXs3_NtNtNtCs8RRi2RJs6bh_14vass_reach_lib9automaton3cfg6updateNtNtNtB9_4vass7counter20VASSCounterValuationNtB5_19CFGCounterUpdatable26apply_cfg_update_mod_slice
FNDA:1,_RNvMNtNtNtCs8RRi2RJs6bh_14vass_reach_lib9automaton3cfg6updateNtB2_16CFGCounterUpdate2op
FNDA:27,_RNvMNtNtNtCs8RRi2RJs6bh_14vass_reach_lib9automaton3cfg6updateNtB2_16CFGCounterUpdate3new
FNDA:1,_RNvMNtNtNtCs8RRi2RJs6bh_14vass_reach_lib9automaton3cfg6updateNtB2_16CFGCounterUpdate7counter
FNDA:3,_RNvMNtNtNtCs8RRi2RJs6bh_14vass_reach_lib9automaton3cfg6updateNtB2_16CFGCounterUpdate8alphabet
FNDA:1,_RNvMs2_NtNtNtCs8RRi2RJs6bh_14vass_reach_lib9automaton3cfg6updateNtB5_16CFGCounterUpdate15from_str_to_vec
FNDA:1,_RNvNtNtNtCs8RRi2RJs6bh_14vass_reach_lib9automaton3cfg6updates_30test_cfg_counter_update_parser
FNDA:0,_RNvXs0_NtNtNtCs8RRi2RJs6bh_14vass_reach_lib9automaton3cfg6updateNtB5_16CFGCounterUpdateNtNtCs7xuAoyMVi4A_4core3fmt5Debug3fmt
FNDA:8,_RNvXs1_NtNtNtCs8RRi2RJs6bh_14vass_reach_lib9automaton3cfg6updateNtB5_16CFGCounterUpdateNtNtNtCs7xuAoyMVi4A_4core3str6traits7FromStr8from_str
FNDA:8,_RNvXs_NtNtNtCs8RRi2RJs6bh_14vass_reach_lib9automaton3cfg6updateNtB4_16CFGCounterUpdateNtNtCs7xuAoyMVi4A_4core3fmt7Display3fmt
FNF:24
FNH:19
DA:32,3146
DA:33,3146
DA:34,3146
DA:35,3146
DA:36,3146
DA:37,3146
DA:39,83
DA:40,83
DA:41,83
DA:42,83
DA:43,83
DA:44,83
DA:46,83
DA:47,83
DA:48,83
DA:49,83
DA:50,83
DA:51,83
DA:53,0
DA:54,0
DA:55,0
DA:56,0
DA:57,0
DA:58,0
DA:60,0
DA:61,0
DA:62,0
DA:63,0
DA:64,0
DA:65,0
DA:67,1731
DA:68,1731
DA:69,1731
DA:70,1731
DA:71,1731
DA:72,1731
DA:77,403
DA:78,403
DA:79,1360
DA:80,1360
DA:81,403
DA:82,403
DA:85,23966
DA:86,23966
DA:87,23966
DA:90,23778
DA:91,23778
DA:92,23778
DA:95,188
DA:96,188
DA:97,188
DA:101,8
DA:102,8
DA:103,8
DA:105,8
DA:108,8
DA:112,0
DA:113,0
DA:114,0
DA:120,32
DA:121,32
DA:122,32
DA:123,32
DA:124,0
DA:126,32
DA:127,21
DA:128,11
DA:129,11
DA:131,0
DA:136,32
DA:137,32
DA:138,0
DA:140,32
DA:141,0
DA:142,32
DA:144,32
DA:145,32
DA:146,40
DA:147,40
DA:148,40
DA:149,40
DA:150,0
DA:157,40
DA:160,32
DA:161,32
DA:165,2
DA:166,28
DA:167,2
DA:171,1
DA:174,1
DA:175,1
DA:176,1
DA:177,1
DA:178,1
DA:179,1
DA:181,4
DA:182,4
DA:185,4
DA:187,1
DA:188,1
DA:189,1
DA:191,1
DA:202,84
DA:203,84
DA:204,84
DA:206,0
DA:207,0
DA:208,0
DA:210,23594
DA:211,23594
DA:212,23594
DA:213,23594
DA:215,1
DA:216,1
DA:217,1
DA:218,1
DA:220,0
DA:221,0
DA:222,0
DA:224,0
DA:226,0
BRF:0
BRH:0
LF:125
LH:97
end_of_record
SF:/home/lemon/src/rust-automata/packages/vass-reach-lib/src/automaton/cfg/vasscfg.rs
FN:78,_RNvMs_NtNtNtCs2hUxDLYgi0n_14vass_reach_lib9automaton3cfg7vasscfgINtNtB8_3dfa3DFAuNtNtB6_6update16CFGCounterUpdateE23reverse_counter_updatesBa_
FN:157,_RNvNtNtNtCs2hUxDLYgi0n_14vass_reach_lib9automaton3cfg7vasscfg25build_modulo_counting_cfg
FN:85,_RNvNtNtNtCs2hUxDLYgi0n_14vass_reach_lib9automaton3cfg7vasscfg26build_bounded_counting_cfg
FN:142,_RNvNtNtNtCs2hUxDLYgi0n_14vass_reach_lib9automaton3cfg7vasscfg30build_rev_bounded_counting_cfg
FN:25,_RNvMs_NtNtNtCs2hUxDLYgi0n_14vass_reach_lib9automaton3cfg7vasscfgINtNtB8_3dfa3DFApNtNtB6_6update16CFGCounterUpdateE12modulo_reachBa_
FN:173,_RNCNvNtNtNtCs2hUxDLYgi0n_14vass_reach_lib9automaton3cfg7vasscfg25build_modulo_counting_cfg0B9_
FN:111,_RNCNvNtNtNtCs2hUxDLYgi0n_14vass_reach_lib9automaton3cfg7vasscfg26build_bounded_counting_cfg0B9_
FN:25,_RNvMs_NtNtNtCs2hUxDLYgi0n_14vass_reach_lib9automaton3cfg7vasscfgINtNtB8_3dfa3DFAuNtNtB6_6update16CFGCounterUpdateE12modulo_reachCsR0JFDIskFR_16implicit_product
FN:25,_RNvMs_NtNtNtCs2hUxDLYgi0n_14vass_reach_lib9automaton3cfg7vasscfgINtNtB8_3dfa3DFAuNtNtB6_6update16CFGCounterUpdateE12modulo_reachCsdx2WVSQjOLl_3ltc
FN:173,_RNCNvNtNtNtCs8RRi2RJs6bh_14vass_reach_lib9automaton3cfg7vasscfg25build_modulo_counting_cfg0B9_
FN:111,_RNCNvNtNtNtCs8RRi2RJs6bh_14vass_reach_lib9automaton3cfg7vasscfg26build_bounded_counting_cfg0B9_
FN:25,_RNvMs_NtNtNtCs8RRi2RJs6bh_14vass_reach_lib9automaton3cfg7vasscfgINtNtB8_3dfa3DFApNtNtB6_6update16CFGCounterUpdateE12modulo_reachBa_
FN:78,_RNvMs_NtNtNtCs8RRi2RJs6bh_14vass_reach_lib9automaton3cfg7vasscfgINtNtB8_3dfa3DFApNtNtB6_6update16CFGCounterUpdateE23reverse_counter_updatesBa_
FN:157,_RNvNtNtNtCs8RRi2RJs6bh_14vass_reach_lib9automaton3cfg7vasscfg25build_modulo_counting_cfg
FN:85,_RNvNtNtNtCs8RRi2RJs6bh_14vass_reach_lib9automaton3cfg7vasscfg26build_bounded_counting_cfg
FN:142,_RNvNtNtNtCs8RRi2RJs6bh_14vass_reach_lib9automaton3cfg7vasscfg30build_rev_bounded_counting_cfg
FNDA:28,_RNvMs_NtNtNtCs2hUxDLYgi0n_14vass_reach_lib9automaton3cfg7vasscfgINtNtB8_3dfa3DFAuNtNtB6_6update16CFGCounterUpdateE23reverse_counter_updatesBa_
FNDA:27,_RNvNtNtNtCs2hUxDLYgi0n_14vass_reach_lib9automaton3cfg7vasscfg25build_modulo_counting_cfg
FNDA:56,_RNvNtNtNtCs2hUxDLYgi0n_14vass_reach_lib9automaton3cfg7vasscfg26build_bounded_counting_cfg
FNDA:28,_RNvNtNtNtCs2hUxDLYgi0n_14vass_reach_lib9automaton3cfg7vasscfg30build_rev_bounded_counting_cfg
FNDA:0,_RNvMs_NtNtNtCs2hUxDLYgi0n_14vass_reach_lib9automaton3cfg7vasscfgINtNtB8_3dfa3DFApNtNtB6_6update16CFGCounterUpdateE12modulo_reachBa_
FNDA:54,_RNCNvNtNtNtCs2hUxDLYgi0n_14vass_reach_lib9automaton3cfg7vasscfg25build_modulo_counting_cfg0B9_
FNDA:172,_RNCNvNtNtNtCs2hUxDLYgi0n_14vass_reach_lib9automaton3cfg7vasscfg26build_bounded_counting_cfg0B9_
FNDA:1,_RNvMs_NtNtNtCs2hUxDLYgi0n_14vass_reach_lib9automaton3cfg7vasscfgINtNtB8_3dfa3DFAuNtNtB6_6update16CFGCounterUpdateE12modulo_reachCsR0JFDIskFR_16implicit_product
FNDA:2,_RNvMs_NtNtNtCs2hUxDLYgi0n_14vass_reach_lib9automaton3cfg7vasscfgINtNtB8_3dfa3DFAuNtNtB6_6update16CFGCounterUpdateE12modulo_reachCsdx2WVSQjOLl_3ltc
FNDA:0,_RNCNvNtNtNtCs8RRi2RJs6bh_14vass_reach_lib9automaton3cfg7vasscfg25build_modulo_counting_cfg0B9_
FNDA:0,_RNCNvNtNtNtCs8RRi2RJs6bh_14vass_reach_lib9automaton3cfg7vasscfg26build_bounded_counting_cfg0B9_
FNDA:0,_RNvMs_NtNtNtCs8RRi2RJs6bh_14vass_reach_lib9automaton3cfg7vasscfgINtNtB8_3dfa3DFApNtNtB6_6update16CFGCounterUpdateE12modulo_reachBa_
FNDA:0,_RNvMs_NtNtNtCs8RRi2RJs6bh_14vass_reach_lib9automaton3cfg7vasscfgINtNtB8_3dfa3DFApNtNtB6_6update16CFGCounterUpdateE23reverse_counter_updatesBa_
FNDA:0,_RNvNtNtNtCs8RRi2RJs6bh_14vass_reach_lib9automaton3cfg7vasscfg25build_modulo_counting_cfg
FNDA:0,_RNvNtNtNtCs8RRi2RJs6bh_14vass_reach_lib9automaton3cfg7vasscfg26build_bounded_counting_cfg
FNDA:0,_RNvNtNtNtCs8RRi2RJs6bh_14vass_reach_lib9automaton3cfg7vasscfg30build_rev_bounded_counting_cfg
FNF:7
FNH:7
DA:25,3
DA:26,3
DA:27,3
DA:28,3
DA:29,3
DA:30,3
DA:32,3
DA:33,3
DA:34,3
DA:35,3
DA:36,3
DA:37,3
DA:39,3
DA:40,3
DA:41,3
DA:42,0
DA:43,3
DA:45,3
DA:46,3
DA:48,4014
DA:49,4013
DA:51,23594
DA:52,23594
DA:54,23594
DA:55,23594
DA:57,23594
DA:59,23594
DA:60,4066
DA:61,4066
DA:63,4066
DA:67,2
DA:68,4064
DA:69,4064
DA:70,4064
DA:71,19528
DA:75,1
DA:76,3
DA:78,28
DA:79,1730
DA:80,1730
DA:81,1730
DA:82,28
DA:85,56
DA:86,56
DA:87,56
DA:88,56
DA:89,56
DA:90,56
DA:91,56
DA:96,56
DA:97,56
DA:99,56
DA:101,56
DA:102,56
DA:105,392
DA:106,392
DA:107,392
DA:108,392
DA:110,56
DA:111,172
DA:112,56
DA:114,172
DA:115,172
DA:116,172
DA:117,172
DA:118,172
DA:119,172
DA:123,1196
DA:124,1196
DA:125,852
DA:126,852
DA:129,172
DA:130,56
DA:131,116
DA:135,56
DA:137,56
DA:139,56
DA:140,56
DA:142,28
DA:143,28
DA:144,28
DA:145,28
DA:146,28
DA:147,28
DA:148,28
DA:149,28
DA:151,28
DA:152,28
DA:154,28
DA:155,28
DA:157,27
DA:158,27
DA:159,27
DA:160,27
DA:161,27
DA:162,27
DA:163,27
DA:164,27
DA:165,27
DA:167,27
DA:168,27
DA:170,27
DA:172,27
DA:173,54
DA:175,54
DA:176,54
DA:178,54
DA:179,54
DA:180,54
DA:181,54
DA:183,54
DA:184,54
DA:188,388
DA:189,388
DA:190,280
DA:191,280
DA:195,27
DA:198,27
DA:200,27
DA:202,27
DA:203,27
BRF:0
BRH:0
LF:123
LH:121
end_of_record
SF:/home/lemon/src/rust-automata/packages/vass-reach-lib/src/automaton/dfa/minimization.rs
FN:272,_RNvXs0_NtNtNtCs2hUxDLYgi0n_14vass_reach_lib9automaton3dfa12minimizationINtB7_3DFAmcENtB5_11Minimizable8minimizeCs43NobSSaLSd_3dfa
FN:272,_RNvXs0_NtNtNtCs2hUxDLYgi0n_14vass_reach_lib9automaton3dfa12minimizationINtB7_3DFAmlENtB5_11Minimizable8minimizeCs43NobSSaLSd_3dfa
FN:47,_RNCNvMNtNtNtCs2hUxDLYgi0n_14vass_reach_lib9automaton3dfa12minimizationINtB4_20DfaMinimizationTablemcE13iter_mut_some0Cs43NobSSaLSd_3dfa
FN:29,_RNCNvMNtNtNtCs2hUxDLYgi0n_14vass_reach_lib9automaton3dfa12minimizationINtB4_20DfaMinimizationTablemcE3new0Cs43NobSSaLSd_3dfa
FN:42,_RNCNvMNtNtNtCs2hUxDLYgi0n_14vass_reach_lib9automaton3dfa12minimizationINtB4_20DfaMinimizationTablemcE9iter_some0Cs43NobSSaLSd_3dfa
FN:47,_RNCNvMNtNtNtCs2hUxDLYgi0n_14vass_reach_lib9automaton3dfa12minimizationINtB4_20DfaMinimizationTablemlE13iter_mut_some0Cs43NobSSaLSd_3dfa
FN:29,_RNCNvMNtNtNtCs2hUxDLYgi0n_14vass_reach_lib9automaton3dfa12minimizationINtB4_20DfaMinimizationTablemlE3new0Cs43NobSSaLSd_3dfa
FN:42,_RNCNvMNtNtNtCs2hUxDLYgi0n_14vass_reach_lib9automaton3dfa12minimizationINtB4_20DfaMinimizationTablemlE9iter_some0Cs43NobSSaLSd_3dfa
FN:295,_RNCNvXs0_NtNtNtCs2hUxDLYgi0n_14vass_reach_lib9automaton3dfa12minimizationINtB9_3DFAmcENtB7_11Minimizable8minimize0Cs43NobSSaLSd_3dfa
FN:296,_RNCNvXs0_NtNtNtCs2hUxDLYgi0n_14vass_reach_lib9automaton3dfa12minimizationINtB9_3DFAmcENtB7_11Minimizable8minimizes_0Cs43NobSSaLSd_3dfa
FN:295,_RNCNvXs0_NtNtNtCs2hUxDLYgi0n_14vass_reach_lib9automaton3dfa12minimizationINtB9_3DFAmlENtB7_11Minimizable8minimize0Cs43NobSSaLSd_3dfa
FN:296,_RNCNvXs0_NtNtNtCs2hUxDLYgi0n_14vass_reach_lib9automaton3dfa12minimizationINtB9_3DFAmlENtB7_11Minimizable8minimizes_0Cs43NobSSaLSd_3dfa
FN:46,_RNvMNtNtNtCs2hUxDLYgi0n_14vass_reach_lib9automaton3dfa12minimizationINtB2_20DfaMinimizationTablemcE13iter_mut_someCs43NobSSaLSd_3dfa
FN:142,_RNvMNtNtNtCs2hUxDLYgi0n_14vass_reach_lib9automaton3dfa12minimizationINtB2_20DfaMinimizationTablemcE22find_equivalent_statesCs43NobSSaLSd_3dfa
FN:25,_RNvMNtNtNtCs2hUxDLYgi0n_14vass_reach_lib9automaton3dfa12minimizationINtB2_20DfaMinimizationTablemcE3newCs43NobSSaLSd_3dfa
FN:103,_RNvMNtNtNtCs2hUxDLYgi0n_14vass_reach_lib9automaton3dfa12minimizationINtB2_20DfaMinimizationTablemcE6to_dfaCs43NobSSaLSd_3dfa
FN:56,_RNvMNtNtNtCs2hUxDLYgi0n_14vass_reach_lib9automaton3dfa12minimizationINtB2_20DfaMinimizationTablemcE8minimizeCs43NobSSaLSd_3dfa
FN:52,_RNvMNtNtNtCs2hUxDLYgi0n_14vass_reach_lib9automaton3dfa12minimizationINtB2_20DfaMinimizationTablemcE9add_entryCs43NobSSaLSd_3dfa
FN:41,_RNvMNtNtNtCs2hUxDLYgi0n_14vass_reach_lib9automaton3dfa12minimizationINtB2_20DfaMinimizationTablemcE9iter_someCs43NobSSaLSd_3dfa
FN:46,_RNvMNtNtNtCs2hUxDLYgi0n_14vass_reach_lib9automaton3dfa12minimizationINtB2_20DfaMinimizationTablemlE13iter_mut_someCs43NobSSaLSd_3dfa
FN:142,_RNvMNtNtNtCs2hUxDLYgi0n_14vass_reach_lib9automaton3dfa12minimizationINtB2_20DfaMinimizationTablemlE22find_equivalent_statesCs43NobSSaLSd_3dfa
FN:25,_RNvMNtNtNtCs2hUxDLYgi0n_14vass_reach_lib9automaton3dfa12minimizationINtB2_20DfaMinimizationTablemlE3newCs43NobSSaLSd_3dfa
FN:103,_RNvMNtNtNtCs2hUxDLYgi0n_14vass_reach_lib9automaton3dfa12minimizationINtB2_20DfaMinimizationTablemlE6to_dfaCs43NobSSaLSd_3dfa
FN:56,_RNvMNtNtNtCs2hUxDLYgi0n_14vass_reach_lib9automaton3dfa12minimizationINtB2_20DfaMinimizationTablemlE8minimizeCs43NobSSaLSd_3dfa
FN:52,_RNvMNtNtNtCs2hUxDLYgi0n_14vass_reach_lib9automaton3dfa12minimizationINtB2_20DfaMinimizationTablemlE9add_entryCs43NobSSaLSd_3dfa
FN:41,_RNvMNtNtNtCs2hUxDLYgi0n_14vass_reach_lib9automaton3dfa12minimizationINtB2_20DfaMinimizationTablemlE9iter_someCs43NobSSaLSd_3dfa
FN:262,_RNvMs_NtNtNtCs2hUxDLYgi0n_14vass_reach_lib9automaton3dfa12minimizationINtB4_25DfaMinimizationTableEntrymE14add_transitionCs43NobSSaLSd_3dfa
FN:252,_RNvMs_NtNtNtCs2hUxDLYgi0n_14vass_reach_lib9automaton3dfa12minimizationINtB4_25DfaMinimizationTableEntrymE3newCs43NobSSaLSd_3dfa
FN:47,_RNCNvMNtNtNtCs2hUxDLYgi0n_14vass_reach_lib9automaton3dfa12minimizationINtB4_20DfaMinimizationTableppE13iter_mut_some0Ba_
FN:29,_RNCNvMNtNtNtCs2hUxDLYgi0n_14vass_reach_lib9automaton3dfa12minimizationINtB4_20DfaMinimizationTableppE3new0Ba_
FN:42,_RNCNvMNtNtNtCs2hUxDLYgi0n_14vass_reach_lib9automaton3dfa12minimizationINtB4_20DfaMinimizationTableppE9iter_some0Ba_
FN:295,_RNCNvXININtNtNtCs2hUxDLYgi0n_14vass_reach_lib9automaton3dfa12minimizations0_0ppEINtB9_3DFAppENtB7_11Minimizable8minimize0Bd_
FN:296,_RNCNvXININtNtNtCs2hUxDLYgi0n_14vass_reach_lib9automaton3dfa12minimizations0_0ppEINtB9_3DFAppENtB7_11Minimizable8minimizes_0Bd_
FN:46,_RNvMNtNtNtCs2hUxDLYgi0n_14vass_reach_lib9automaton3dfa12minimizationINtB2_20DfaMinimizationTableppE13iter_mut_someB8_
FN:142,_RNvMNtNtNtCs2hUxDLYgi0n_14vass_reach_lib9automaton3dfa12minimizationINtB2_20DfaMinimizationTableppE22find_equivalent_statesB8_
FN:25,_RNvMNtNtNtCs2hUxDLYgi0n_14vass_reach_lib9automaton3dfa12minimizationINtB2_20DfaMinimizationTableppE3newB8_
FN:103,_RNvMNtNtNtCs2hUxDLYgi0n_14vass_reach_lib9automaton3dfa12minimizationINtB2_20DfaMinimizationTableppE6to_dfaB8_
FN:56,_RNvMNtNtNtCs2hUxDLYgi0n_14vass_reach_lib9automaton3dfa12minimizationINtB2_20DfaMinimizationTableppE8minimizeB8_
FN:52,_RNvMNtNtNtCs2hUxDLYgi0n_14vass_reach_lib9automaton3dfa12minimizationINtB2_20DfaMinimizationTableppE9add_entryB8_
FN:41,_RNvMNtNtNtCs2hUxDLYgi0n_14vass_reach_lib9automaton3dfa12minimizationINtB2_20DfaMinimizationTableppE9iter_someB8_
FN:262,_RNvMs_NtNtNtCs2hUxDLYgi0n_14vass_reach_lib9automaton3dfa12minimizationINtB4_25DfaMinimizationTableEntrypE14add_transitionBa_
FN:252,_RNvMs_NtNtNtCs2hUxDLYgi0n_14vass_reach_lib9automaton3dfa12minimizationINtB4_25DfaMinimizationTableEntrypE3newBa_
FN:272,_RNvXININtNtNtCs2hUxDLYgi0n_14vass_reach_lib9automaton3dfa12minimizations0_0ppEINtB7_3DFAppENtB5_11Minimizable8minimizeBb_
FN:47,_RNCNvMNtNtNtCs2hUxDLYgi0n_14vass_reach_lib9automaton3dfa12minimizationINtB4_20DfaMinimizationTableuNtNtNtB8_3cfg6update16CFGCounterUpdateE13iter_mut_some0CsgHwEJVtWcfn_14petri_net_spec
FN:29,_RNCNvMNtNtNtCs2hUxDLYgi0n_14vass_reach_lib9automaton3dfa12minimizationINtB4_20DfaMinimizationTableuNtNtNtB8_3cfg6update16CFGCounterUpdateE3new0CsgHwEJVtWcfn_14petri_net_spec
FN:42,_RNCNvMNtNtNtCs2hUxDLYgi0n_14vass_reach_lib9automaton3dfa12minimizationINtB4_20DfaMinimizationTableuNtNtNtB8_3cfg6update16CFGCounterUpdateE9iter_some0CsgHwEJVtWcfn_14petri_net_spec
FN:295,_RNCNvXs0_NtNtNtCs2hUxDLYgi0n_14vass_reach_lib9automaton3dfa12minimizationINtB9_3DFAuNtNtNtBb_3cfg6update16CFGCounterUpdateENtB7_11Minimizable8minimize0CsgHwEJVtWcfn_14petri_net_spec
FN:296,_RNCNvXs0_NtNtNtCs2hUxDLYgi0n_14vass_reach_lib9automaton3dfa12minimizationINtB9_3DFAuNtNtNtBb_3cfg6update16CFGCounterUpdateENtB7_11Minimizable8minimizes_0CsgHwEJVtWcfn_14petri_net_spec
FN:46,_RNvMNtNtNtCs2hUxDLYgi0n_14vass_reach_lib9automaton3dfa12minimizationINtB2_20DfaMinimizationTableuNtNtNtB6_3cfg6update16CFGCounterUpdateE13iter_mut_someCsgHwEJVtWcfn_14petri_net_spec
FN:142,_RNvMNtNtNtCs2hUxDLYgi0n_14vass_reach_lib9automaton3dfa12minimizationINtB2_20DfaMinimizationTableuNtNtNtB6_3cfg6update16CFGCounterUpdateE22find_equivalent_statesCsgHwEJVtWcfn_14petri_net_spec
FN:25,_RNvMNtNtNtCs2hUxDLYgi0n_14vass_reach_lib9automaton3dfa12minimizationINtB2_20DfaMinimizationTableuNtNtNtB6_3cfg6update16CFGCounterUpdateE3newCsgHwEJVtWcfn_14petri_net_spec
FN:103,_RNvMNtNtNtCs2hUxDLYgi0n_14vass_reach_lib9automaton3dfa12minimizationINtB2_20DfaMinimizationTableuNtNtNtB6_3cfg6update16CFGCounterUpdateE6to_dfaCsgHwEJVtWcfn_14petri_net_spec
FN:56,_RNvMNtNtNtCs2hUxDLYgi0n_14vass_reach_lib9automaton3dfa12minimizationINtB2_20DfaMinimizationTableuNtNtNtB6_3cfg6update16CFGCounterUpdateE8minimizeCsgHwEJVtWcfn_14petri_net_spec
FN:52,_RNvMNtNtNtCs2hUxDLYgi0n_14vass_reach_lib9automaton3dfa12minimizationINtB2_20DfaMinimizationTableuNtNtNtB6_3cfg6update16CFGCounterUpdateE9add_entryCsgHwEJVtWcfn_14petri_net_spec
FN:41,_RNvMNtNtNtCs2hUxDLYgi0n_14vass_reach_lib9automaton3dfa12minimizationINtB2_20DfaMinimizationTableuNtNtNtB6_3cfg6update16CFGCounterUpdateE9iter_someCsgHwEJVtWcfn_14petri_net_spec
FN:262,_RNvMs_NtNtNtCs2hUxDLYgi0n_14vass_reach_lib9automaton3dfa12minimizationINtB4_25DfaMinimizationTableEntryuE14add_transitionCsgHwEJVtWcfn_14petri_net_spec
FN:252,_RNvMs_NtNtNtCs2hUxDLYgi0n_14vass_reach_lib9automaton3dfa12minimizationINtB4_25DfaMinimizationTableEntryuE3newCsgHwEJVtWcfn_14petri_net_spec
FN:272,_RNvXs0_NtNtNtCs2hUxDLYgi0n_14vass_reach_lib9automaton3dfa12minimizationINtB7_3DFAuNtNtNtB9_3cfg6update16CFGCounterUpdateENtB5_11Minimizable8minimizeCsgHwEJVtWcfn_14petri_net_spec
FN:47,_RNCNvMNtNtNtCs2hUxDLYgi0n_14vass_reach_lib9automaton3dfa12minimizationINtB4_20DfaMinimizationTableuNtNtNtB8_3cfg6update16CFGCounterUpdateE13iter_mut_some0CsaYjQXJDQq9v_12vass_n_reach
FN:29,_RNCNvMNtNtNtCs2hUxDLYgi0n_14vass_reach_lib9automaton3dfa12minimizationINtB4_20DfaMinimizationTableuNtNtNtB8_3cfg6update16CFGCounterUpdateE3new0CsaYjQXJDQq9v_12vass_n_reach
FN:42,_RNCNvMNtNtNtCs2hUxDLYgi0n_14vass_reach_lib9automaton3dfa12minimizationINtB4_20DfaMinimizationTableuNtNtNtB8_3cfg6update16CFGCounterUpdateE9iter_some0CsaYjQXJDQq9v_12vass_n_reach
FN:295,_RNCNvXs0_NtNtNtCs2hUxDLYgi0n_14vass_reach_lib9automaton3dfa12minimizationINtB9_3DFAuNtNtNtBb_3cfg6update16CFGCounterUpdateENtB7_11Minimizable8minimize0CsaYjQXJDQq9v_12vass_n_reach
FN:296,_RNCNvXs0_NtNtNtCs2hUxDLYgi0n_14vass_reach_lib9automaton3dfa12minimizationINtB9_3DFAuNtNtNtBb_3cfg6update16CFGCounterUpdateENtB7_11Minimizable8minimizes_0CsaYjQXJDQq9v_12vass_n_reach
FN:46,_RNvMNtNtNtCs2hUxDLYgi0n_14vass_reach_lib9automaton3dfa12minimizationINtB2_20DfaMinimizationTableuNtNtNtB6_3cfg6update16CFGCounterUpdateE13iter_mut_someCsaYjQXJDQq9v_12vass_n_reach
FN:142,_RNvMNtNtNtCs2hUxDLYgi0n_14vass_reach_lib9automaton3dfa12minimizationINtB2_20DfaMinimizationTableuNtNtNtB6_3cfg6update16CFGCounterUpdateE22find_equivalent_statesCsaYjQXJDQq9v_12vass_n_reach
FN:25,_RNvMNtNtNtCs2hUxDLYgi0n_14vass_reach_lib9automaton3dfa12minimizationINtB2_20DfaMinimizationTableuNtNtNtB6_3cfg6update16CFGCounterUpdateE3newCsaYjQXJDQq9v_12vass_n_reach
FN:103,_RNvMNtNtNtCs2hUxDLYgi0n_14vass_reach_lib9automaton3dfa12minimizationINtB2_20DfaMinimizationTableuNtNtNtB6_3cfg6update16CFGCounterUpdateE6to_dfaCsaYjQXJDQq9v_12vass_n_reach
FN:56,_RNvMNtNtNtCs2hUxDLYgi0n_14vass_reach_lib9automaton3dfa12minimizationINtB2_20DfaMinimizationTableuNtNtNtB6_3cfg6update16CFGCounterUpdateE8minimizeCsaYjQXJDQq9v_12vass_n_reach
FN:52,_RNvMNtNtNtCs2hUxDLYgi0n_14vass_reach_lib9automaton3dfa12minimizationINtB2_20DfaMinimizationTableuNtNtNtB6_3cfg6update16CFGCounterUpdateE9add_entryCsaYjQXJDQq9v_12vass_n_reach
FN:41,_RNvMNtNtNtCs2hUxDLYgi0n_14vass_reach_lib9automaton3dfa12minimizationINtB2_20DfaMinimizationTableuNtNtNtB6_3cfg6update16CFGCounterUpdateE9iter_someCsaYjQXJDQq9v_12vass_n_reach
FN:262,_RNvMs_NtNtNtCs2hUxDLYgi0n_14vass_reach_lib9automaton3dfa12minimizationINtB4_25DfaMinimizationTableEntryuE14add_transitionCsaYjQXJDQq9v_12vass_n_reach
FN:252,_RNvMs_NtNtNtCs2hUxDLYgi0n_14vass_reach_lib9automaton3dfa12minimizationINtB4_25DfaMinimizationTableEntryuE3newCsaYjQXJDQq9v_12vass_n_reach
FN:272,_RNvXs0_NtNtNtCs2hUxDLYgi0n_14vass_reach_lib9automaton3dfa12minimizationINtB7_3DFAuNtNtNtB9_3cfg6update16CFGCounterUpdateENtB5_11Minimizable8minimizeCsaYjQXJDQq9v_12vass_n_reach
FN:47,_RNCNvMNtNtNtCs8RRi2RJs6bh_14vass_reach_lib9automaton3dfa12minimizationINtB4_20DfaMinimizationTableppE13iter_mut_some0Ba_
FN:29,_RNCNvMNtNtNtCs8RRi2RJs6bh_14vass_reach_lib9automaton3dfa12minimizationINtB4_20DfaMinimizationTableppE3new0Ba_
FN:42,_RNCNvMNtNtNtCs8RRi2RJs6bh_14vass_reach_lib9automaton3dfa12minimizationINtB4_20DfaMinimizationTableppE9iter_some0Ba_
FN:295,_RNCNvXININtNtNtCs8RRi2RJs6bh_14vass_reach_lib9automaton3dfa12minimizations0_0ppEINtB9_3DFAppENtB7_11Minimizable8minimize0Bd_
FN:296,_RNCNvXININtNtNtCs8RRi2RJs6bh_14vass_reach_lib9automaton3dfa12minimizations0_0ppEINtB9_3DFAppENtB7_11Minimizable8minimizes_0Bd_
FN:46,_RNvMNtNtNtCs8RRi2RJs6bh_14vass_reach_lib9automaton3dfa12minimizationINtB2_20DfaMinimizationTableppE13iter_mut_someB8_
FN:142,_RNvMNtNtNtCs8RRi2RJs6bh_14vass_reach_lib9automaton3dfa12minimizationINtB2_20DfaMinimizationTableppE22find_equivalent_statesB8_
FN:25,_RNvMNtNtNtCs8RRi2RJs6bh_14vass_reach_lib9automaton3dfa12minimizationINtB2_20DfaMinimizationTableppE3newB8_
FN:103,_RNvMNtNtNtCs8RRi2RJs6bh_14vass_reach_lib9automaton3dfa12minimizationINtB2_20DfaMinimizationTableppE6to_dfaB8_
FN:56,_RNvMNtNtNtCs8RRi2RJs6bh_14vass_reach_lib9automaton3dfa12minimizationINtB2_20DfaMinimizationTableppE8minimizeB8_
FN:52,_RNvMNtNtNtCs8RRi2RJs6bh_14vass_reach_lib9automaton3dfa12minimizationINtB2_20DfaMinimizationTableppE9add_entryB8_
FN:41,_RNvMNtNtNtCs8RRi2RJs6bh_14vass_reach_lib9automaton3dfa12minimizationINtB2_20DfaMinimizationTableppE9iter_someB8_
FN:262,_RNvMs_NtNtNtCs8RRi2RJs6bh_14vass_reach_lib9automaton3dfa12minimizationINtB4_25DfaMinimizationTableEntrypE14add_transitionBa_
FN:252,_RNvMs_NtNtNtCs8RRi2RJs6bh_14vass_reach_lib9automaton3dfa12minimizationINtB4_25DfaMinimizationTableEntrypE3newBa_
FN:272,_RNvXININtNtNtCs8RRi2RJs6bh_14vass_reach_lib9automaton3dfa12minimizations0_0ppEINtB7_3DFAppENtB5_11Minimizable8minimizeBb_
FN:47,_RNCNvMNtNtNtCs2hUxDLYgi0n_14vass_reach_lib9automaton3dfa12minimizationINtB4_20DfaMinimizationTableuNtNtNtB8_3cfg6update16CFGCounterUpdateE13iter_mut_some0CseoIxkIhB6T8_12vass_z_reach
FN:29,_RNCNvMNtNtNtCs2hUxDLYgi0n_14vass_reach_lib9automaton3dfa12minimizationINtB4_20DfaMinimizationTableuNtNtNtB8_3cfg6update16CFGCounterUpdateE3new0CseoIxkIhB6T8_12vass_z_reach
FN:42,_RNCNvMNtNtNtCs2hUxDLYgi0n_14vass_reach_lib9automaton3dfa12minimizationINtB4_20DfaMinimizationTableuNtNtNtB8_3cfg6update16CFGCounterUpdateE9iter_some0CseoIxkIhB6T8_12vass_z_reach
FN:295,_RNCNvXs0_NtNtNtCs2hUxDLYgi0n_14vass_reach_lib9automaton3dfa12minimizationINtB9_3DFAuNtNtNtBb_3cfg6update16CFGCounterUpdateENtB7_11Minimizable8minimize0CseoIxkIhB6T8_12vass_z_reach
FN:296,_RNCNvXs0_NtNtNtCs2hUxDLYgi0n_14vass_reach_lib9automaton3dfa12minimizationINtB9_3DFAuNtNtNtBb_3cfg6update16CFGCounterUpdateENtB7_11Minimizable8minimizes_0CseoIxkIhB6T8_12vass_z_reach
FN:46,_RNvMNtNtNtCs2hUxDLYgi0n_14vass_reach_lib9automaton3dfa12minimizationINtB2_20DfaMinimizationTableuNtNtNtB6_3cfg6update16CFGCounterUpdateE13iter_mut_someCseoIxkIhB6T8_12vass_z_reach
FN:142,_RNvMNtNtNtCs2hUxDLYgi0n_14vass_reach_lib9automaton3dfa12minimizationINtB2_20DfaMinimizationTableuNtNtNtB6_3cfg6update16CFGCounterUpdateE22find_equivalent_statesCseoIxkIhB6T8_12vass_z_reach
FN:25,_RNvMNtNtNtCs2hUxDLYgi0n_14vass_reach_lib9automaton3dfa12minimizationINtB2_20DfaMinimizationTableuNtNtNtB6_3cfg6update16CFGCounterUpdateE3newCseoIxkIhB6T8_12vass_z_reach
FN:103,_RNvMNtNtNtCs2hUxDLYgi0n_14vass_reach_lib9automaton3dfa12minimizationINtB2_20DfaMinimizationTableuNtNtNtB6_3cfg6update16CFGCounterUpdateE6to_dfaCseoIxkIhB6T8_12vass_z_reach
FN:56,_RNvMNtNtNtCs2hUxDLYgi0n_14vass_reach_lib9automaton3dfa12minimizationINtB2_20DfaMinimizationTableuNtNtNtB6_3cfg6update16CFGCounterUpdateE8minimizeCseoIxkIhB6T8_12vass_z_reach
FN:52,_RNvMNtNtNtCs2hUxDLYgi0n_14vass_reach_lib9automaton3dfa12minimizationINtB2_20DfaMinimizationTableuNtNtNtB6_3cfg6update16CFGCounterUpdateE9add_entryCseoIxkIhB6T8_12vass_z_reach
FN:41,_RNvMNtNtNtCs2hUxDLYgi0n_14vass_reach_lib9automaton3dfa12minimizationINtB2_20DfaMinimizationTableuNtNtNtB6_3cfg6update16CFGCounterUpdateE9iter_someCseoIxkIhB6T8_12vass_z_reach
FN:262,_RNvMs_NtNtNtCs2hUxDLYgi0n_14vass_reach_lib9automaton3dfa12minimizationINtB4_25DfaMinimizationTableEntryuE14add_transitionCseoIxkIhB6T8_12vass_z_reach
FN:252,_RNvMs_NtNtNtCs2hUxDLYgi0n_14vass_reach_lib9automaton3dfa12minimizationINtB4_25DfaMinimizationTableEntryuE3newCseoIxkIhB6T8_12vass_z_reach
FN:272,_RNvXs0_NtNtNtCs2hUxDLYgi0n_14vass_reach_lib9automaton3dfa12minimizationINtB7_3DFAuNtNtNtB9_3cfg6update16CFGCounterUpdateENtB5_11Minimizable8minimizeCseoIxkIhB6T8_12vass_z_reach
FNDA:4,_RNvXs0_NtNtNtCs2hUxDLYgi0n_14vass_reach_lib9automaton3dfa12minimizationINtB7_3DFAmcENtB5_11Minimizable8minimizeCs43NobSSaLSd_3dfa
FNDA:1,_RNvXs0_NtNtNtCs2hUxDLYgi0n_14vass_reach_lib9automaton3dfa12minimizationINtB7_3DFAmlENtB5_11Minimizable8minimizeCs43NobSSaLSd_3dfa
FNDA:34,_RNCNvMNtNtNtCs2hUxDLYgi0n_14vass_reach_lib9automaton3dfa12minimizationINtB4_20DfaMinimizationTablemcE13iter_mut_some0Cs43NobSSaLSd_3dfa
FNDA:19,_RNCNvMNtNtNtCs2hUxDLYgi0n_14vass_reach_lib9automaton3dfa12minimizationINtB4_20DfaMinimizationTablemcE3new0Cs43NobSSaLSd_3dfa
FNDA:387,_RNCNvMNtNtNtCs2hUxDLYgi0n_14vass_reach_lib9automaton3dfa12minimizationINtB4_20DfaMinimizationTablemcE9iter_some0Cs43NobSSaLSd_3dfa
FNDA:27,_RNCNvMNtNtNtCs2hUxDLYgi0n_14vass_reach_lib9automaton3dfa12minimizationINtB4_20DfaMinimizationTablemlE13iter_mut_some0Cs43NobSSaLSd_3dfa
FNDA:9,_RNCNvMNtNtNtCs2hUxDLYgi0n_14vass_reach_lib9automaton3dfa12minimizationINtB4_20DfaMinimizationTablemlE3new0Cs43NobSSaLSd_3dfa
FNDA:657,_RNCNvMNtNtNtCs2hUxDLYgi0n_14vass_reach_lib9automaton3dfa12minimizationINtB4_20DfaMinimizationTablemlE9iter_some0Cs43NobSSaLSd_3dfa
FNDA:64,_RNCNvXs0_NtNtNtCs2hUxDLYgi0n_14vass_reach_lib9automaton3dfa12minimizationINtB9_3DFAmcENtB7_11Minimizable8minimize0Cs43NobSSaLSd_3dfa
FNDA:36,_RNCNvXs0_NtNtNtCs2hUxDLYgi0n_14vass_reach_lib9automaton3dfa12minimizationINtB9_3DFAmcENtB7_11Minimizable8minimizes_0Cs43NobSSaLSd_3dfa
FNDA:90,_RNCNvXs0_NtNtNtCs2hUxDLYgi0n_14vass_reach_lib9automaton3dfa12minimizationINtB9_3DFAmlENtB7_11Minimizable8minimize0Cs43NobSSaLSd_3dfa
FNDA:36,_RNCNvXs0_NtNtNtCs2hUxDLYgi0n_14vass_reach_lib9automaton3dfa12minimizationINtB9_3DFAmlENtB7_11Minimizable8minimizes_0Cs43NobSSaLSd_3dfa
FNDA:7,_RNvMNtNtNtCs2hUxDLYgi0n_14vass_reach_lib9automaton3dfa12minimizationINtB2_20DfaMinimizationTablemcE13iter_mut_someCs43NobSSaLSd_3dfa
FNDA:4,_RNvMNtNtNtCs2hUxDLYgi0n_14vass_reach_lib9automaton3dfa12minimizationINtB2_20DfaMinimizationTablemcE22find_equivalent_statesCs43NobSSaLSd_3dfa
FNDA:4,_RNvMNtNtNtCs2hUxDLYgi0n_14vass_reach_lib9automaton3dfa12minimizationINtB2_20DfaMinimizationTablemcE3newCs43NobSSaLSd_3dfa
FNDA:4,_RNvMNtNtNtCs2hUxDLYgi0n_14vass_reach_lib9automaton3dfa12minimizationINtB2_20DfaMinimizationTablemcE6to_dfaCs43NobSSaLSd_3dfa
FNDA:4,_RNvMNtNtNtCs2hUxDLYgi0n_14vass_reach_lib9automaton3dfa12minimizationINtB2_20DfaMinimizationTablemcE8minimizeCs43NobSSaLSd_3dfa
FNDA:17,_RNvMNtNtNtCs2hUxDLYgi0n_14vass_reach_lib9automaton3dfa12minimizationINtB2_20DfaMinimizationTablemcE9add_entryCs43NobSSaLSd_3dfa
FNDA:86,_RNvMNtNtNtCs2hUxDLYgi0n_14vass_reach_lib9automaton3dfa12minimizationINtB2_20DfaMinimizationTablemcE9iter_someCs43NobSSaLSd_3dfa
FNDA:3,_RNvMNtNtNtCs2hUxDLYgi0n_14vass_reach_lib9automaton3dfa12minimizationINtB2_20DfaMinimizationTablemlE13iter_mut_someCs43NobSSaLSd_3dfa
FNDA:1,_RNvMNtNtNtCs2hUxDLYgi0n_14vass_reach_lib9automaton3dfa12minimizationINtB2_20DfaMinimizationTablemlE22find_equivalent_statesCs43NobSSaLSd_3dfa
FNDA:1,_RNvMNtNtNtCs2hUxDLYgi0n_14vass_reach_lib9automaton3dfa12minimizationINtB2_20DfaMinimizationTablemlE3newCs43NobSSaLSd_3dfa
FNDA:1,_RNvMNtNtNtCs2hUxDLYgi0n_14vass_reach_lib9automaton3dfa12minimizationINtB2_20DfaMinimizationTablemlE6to_dfaCs43NobSSaLSd_3dfa
FNDA:1,_RNvMNtNtNtCs2hUxDLYgi0n_14vass_reach_lib9automaton3dfa12minimizationINtB2_20DfaMinimizationTablemlE8minimizeCs43NobSSaLSd_3dfa
FNDA:9,_RNvMNtNtNtCs2hUxDLYgi0n_14vass_reach_lib9automaton3dfa12minimizationINtB2_20DfaMinimizationTablemlE9add_entryCs43NobSSaLSd_3dfa
FNDA:73,_RNvMNtNtNtCs2hUxDLYgi0n_14vass_reach_lib9automaton3dfa12minimizationINtB2_20DfaMinimizationTablemlE9iter_someCs43NobSSaLSd_3dfa
FNDA:72,_RNvMs_NtNtNtCs2hUxDLYgi0n_14vass_reach_lib9automaton3dfa12minimizationINtB4_25DfaMinimizationTableEntrymE14add_transitionCs43NobSSaLSd_3dfa
FNDA:26,_RNvMs_NtNtNtCs2hUxDLYgi0n_14vass_reach_lib9automaton3dfa12minimizationINtB4_25DfaMinimizationTableEntrymE3newCs43NobSSaLSd_3dfa
FNDA:0,_RNCNvMNtNtNtCs2hUxDLYgi0n_14vass_reach_lib9automaton3dfa12minimizationINtB4_20DfaMinimizationTableppE13iter_mut_some0Ba_
FNDA:0,_RNCNvMNtNtNtCs2hUxDLYgi0n_14vass_reach_lib9automaton3dfa12minimizationINtB4_20DfaMinimizationTableppE3new0Ba_
FNDA:0,_RNCNvMNtNtNtCs2hUxDLYgi0n_14vass_reach_lib9automaton3dfa12minimizationINtB4_20DfaMinimizationTableppE9iter_some0Ba_
FNDA:0,_RNCNvXININtNtNtCs2hUxDLYgi0n_14vass_reach_lib9automaton3dfa12minimizations0_0ppEINtB9_3DFAppENtB7_11Minimizable8minimize0Bd_
FNDA:0,_RNCNvXININtNtNtCs2hUxDLYgi0n_14vass_reach_lib9automaton3dfa12minimizations0_0ppEINtB9_3DFAppENtB7_11Minimizable8minimizes_0Bd_
FNDA:0,_RNvMNtNtNtCs2hUxDLYgi0n_14vass_reach_lib9automaton3dfa12minimizationINtB2_20DfaMinimizationTableppE13iter_mut_someB8_
FNDA:0,_RNvMNtNtNtCs2hUxDLYgi0n_14vass_reach_lib9automaton3dfa12minimizationINtB2_20DfaMinimizationTableppE22find_equivalent_statesB8_
FNDA:0,_RNvMNtNtNtCs2hUxDLYgi0n_14vass_reach_lib9automaton3dfa12minimizationINtB2_20DfaMinimizationTableppE3newB8_
FNDA:0,_RNvMNtNtNtCs2hUxDLYgi0n_14vass_reach_lib9automaton3dfa12minimizationINtB2_20DfaMinimizationTableppE6to_dfaB8_
FNDA:0,_RNvMNtNtNtCs2hUxDLYgi0n_14vass_reach_lib9automaton3dfa12minimizationINtB2_20DfaMinimizationTableppE8minimizeB8_
FNDA:0,_RNvMNtNtNtCs2hUxDLYgi0n_14vass_reach_lib9automaton3dfa12minimizationINtB2_20DfaMinimizationTableppE9add_entryB8_
FNDA:0,_RNvMNtNtNtCs2hUxDLYgi0n_14vass_reach_lib9automaton3dfa12minimizationINtB2_20DfaMinimizationTableppE9iter_someB8_
FNDA:0,_RNvMs_NtNtNtCs2hUxDLYgi0n_14vass_reach_lib9automaton3dfa12minimizationINtB4_25DfaMinimizationTableEntrypE14add_transitionBa_
FNDA:0,_RNvMs_NtNtNtCs2hUxDLYgi0n_14vass_reach_lib9automaton3dfa12minimizationINtB4_25DfaMinimizationTableEntrypE3newBa_
FNDA:0,_RNvXININtNtNtCs2hUxDLYgi0n_14vass_reach_lib9automaton3dfa12minimizations0_0ppEINtB7_3DFAppENtB5_11Minimizable8minimizeBb_
FNDA:0,_RNCNvMNtNtNtCs2hUxDLYgi0n_14vass_reach_lib9automaton3dfa12minimizationINtB4_20DfaMinimizationTableuNtNtNtB8_3cfg6update16CFGCounterUpdateE13iter_mut_some0CsgHwEJVtWcfn_14petri_net_spec
FNDA:4,_RNCNvMNtNtNtCs2hUxDLYgi0n_14vass_reach_lib9automaton3dfa12minimizationINtB4_20DfaMinimizationTableuNtNtNtB8_3cfg6update16CFGCounterUpdateE3new0CsgHwEJVtWcfn_14petri_net_spec
FNDA:92,_RNCNvMNtNtNtCs2hUxDLYgi0n_14vass_reach_lib9automaton3dfa12minimizationINtB4_20DfaMinimizationTableuNtNtNtB8_3cfg6update16CFGCounterUpdateE9iter_some0CsgHwEJVtWcfn_14petri_net_spec
FNDA:84,_RNCNvXs0_NtNtNtCs2hUxDLYgi0n_14vass_reach_lib9automaton3dfa12minimizationINtB9_3DFAuNtNtNtBb_3cfg6update16CFGCounterUpdateENtB7_11Minimizable8minimize0CsgHwEJVtWcfn_14petri_net_spec
FNDA:24,_RNCNvXs0_NtNtNtCs2hUxDLYgi0n_14vass_reach_lib9automaton3dfa12minimizationINtB9_3DFAuNtNtNtBb_3cfg6update16CFGCounterUpdateENtB7_11Minimizable8minimizes_0CsgHwEJVtWcfn_14petri_net_spec
FNDA:0,_RNvMNtNtNtCs2hUxDLYgi0n_14vass_reach_lib9automaton3dfa12minimizationINtB2_20DfaMinimizationTableuNtNtNtB6_3cfg6update16CFGCounterUpdateE13iter_mut_someCsgHwEJVtWcfn_14petri_net_spec
FNDA:1,_RNvMNtNtNtCs2hUxDLYgi0n_14vass_reach_lib9automaton3dfa12minimizationINtB2_20DfaMinimizationTableuNtNtNtB6_3cfg6update16CFGCounterUpdateE22find_equivalent_statesCsgHwEJVtWcfn_14petri_net_spec
FNDA:1,_RNvMNtNtNtCs2hUxDLYgi0n_14vass_reach_lib9automaton3dfa12minimizationINtB2_20DfaMinimizationTableuNtNtNtB6_3cfg6update16CFGCounterUpdateE3newCsgHwEJVtWcfn_14petri_net_spec
FNDA:1,_RNvMNtNtNtCs2hUxDLYgi0n_14vass_reach_lib9automaton3dfa12minimizationINtB2_20DfaMinimizationTableuNtNtNtB6_3cfg6update16CFGCounterUpdateE6to_dfaCsgHwEJVtWcfn_14petri_net_spec
FNDA:1,_RNvMNtNtNtCs2hUxDLYgi0n_14vass_reach_lib9automaton3dfa12minimizationINtB2_20DfaMinimizationTableuNtNtNtB6_3cfg6update16CFGCounterUpdateE8minimizeCsgHwEJVtWcfn_14petri_net_spec
FNDA:4,_RNvMNtNtNtCs2hUxDLYgi0n_14vass_reach_lib9automaton3dfa12minimizationINtB2_20DfaMinimizationTableuNtNtNtB6_3cfg6update16CFGCounterUpdateE9add_entryCsgHwEJVtWcfn_14petri_net_spec
FNDA:23,_RNvMNtNtNtCs2hUxDLYgi0n_14vass_reach_lib9automaton3dfa12minimizationINtB2_20DfaMinimizationTableuNtNtNtB6_3cfg6update16CFGCounterUpdateE9iter_someCsgHwEJVtWcfn_14petri_net_spec
FNDA:24,_RNvMs_NtNtNtCs2hUxDLYgi0n_14vass_reach_lib9automaton3dfa12minimizationINtB4_25DfaMinimizationTableEntryuE14add_transitionCsgHwEJVtWcfn_14petri_net_spec
FNDA:4,_RNvMs_NtNtNtCs2hUxDLYgi0n_14vass_reach_lib9automaton3dfa12minimizationINtB4_25DfaMinimizationTableEntryuE3newCsgHwEJVtWcfn_14petri_net_spec
FNDA:1,_RNvXs0_NtNtNtCs2hUxDLYgi0n_14vass_reach_lib9automaton3dfa12minimizationINtB7_3DFAuNtNtNtB9_3cfg6update16CFGCounterUpdateENtB5_11Minimizable8minimizeCsgHwEJVtWcfn_14petri_net_spec
FNDA:44,_RNCNvMNtNtNtCs2hUxDLYgi0n_14vass_reach_lib9automaton3dfa12minimizationINtB4_20DfaMinimizationTableuNtNtNtB8_3cfg6update16CFGCounterUpdateE13iter_mut_some0CsaYjQXJDQq9v_12vass_n_reach
FNDA:52,_RNCNvMNtNtNtCs2hUxDLYgi0n_14vass_reach_lib9automaton3dfa12minimizationINtB4_20DfaMinimizationTableuNtNtNtB8_3cfg6update16CFGCounterUpdateE3new0CsaYjQXJDQq9v_12vass_n_reach
FNDA:3830,_RNCNvMNtNtNtCs2hUxDLYgi0n_14vass_reach_lib9automaton3dfa12minimizationINtB4_20DfaMinimizationTableuNtNtNtB8_3cfg6update16CFGCounterUpdateE9iter_some0CsaYjQXJDQq9v_12vass_n_reach
FNDA:1888,_RNCNvXs0_NtNtNtCs2hUxDLYgi0n_14vass_reach_lib9automaton3dfa12minimizationINtB9_3DFAuNtNtNtBb_3cfg6update16CFGCounterUpdateENtB7_11Minimizable8minimize0CsaYjQXJDQq9v_12vass_n_reach
FNDA:400,_RNCNvXs0_NtNtNtCs2hUxDLYgi0n_14vass_reach_lib9automaton3dfa12minimizationINtB9_3DFAuNtNtNtBb_3cfg6update16CFGCounterUpdateENtB7_11Minimizable8minimizes_0CsaYjQXJDQq9v_12vass_n_reach
FNDA:4,_RNvMNtNtNtCs2hUxDLYgi0n_14vass_reach_lib9automaton3dfa12minimizationINtB2_20DfaMinimizationTableuNtNtNtB6_3cfg6update16CFGCounterUpdateE13iter_mut_someCsaYjQXJDQq9v_12vass_n_reach
FNDA:7,_RNvMNtNtNtCs2hUxDLYgi0n_14vass_reach_lib9automaton3dfa12minimizationINtB2_20DfaMinimizationTableuNtNtNtB6_3cfg6update16CFGCounterUpdateE22find_equivalent_statesCsaYjQXJDQq9v_12vass_n_reach
FNDA:7,_RNvMNtNtNtCs2hUxDLYgi0n_14vass_reach_lib9automaton3dfa12minimizationINtB2_20DfaMinimizationTableuNtNtNtB6_3cfg6update16CFGCounterUpdateE3newCsaYjQXJDQq9v_12vass_n_reach
FNDA:7,_RNvMNtNtNtCs2hUxDLYgi0n_14vass_reach_lib9automaton3dfa12minimizationINtB2_20DfaMinimizationTableuNtNtNtB6_3cfg6update16CFGCounterUpdateE6to_dfaCsaYjQXJDQq9v_12vass_n_reach
FNDA:7,_RNvMNtNtNtCs2hUxDLYgi0n_14vass_reach_lib9automaton3dfa12minimizationINtB2_20DfaMinimizationTableuNtNtNtB6_3cfg6update16CFGCounterUpdateE8minimizeCsaYjQXJDQq9v_12vass_n_reach
FNDA:52,_RNvMNtNtNtCs2hUxDLYgi0n_14vass_reach_lib9automaton3dfa12minimizationINtB2_20DfaMinimizationTableuNtNtNtB6_3cfg6update16CFGCounterUpdateE9add_entryCsaYjQXJDQq9v_12vass_n_reach
FNDA:377,_RNvMNtNtNtCs2hUxDLYgi0n_14vass_reach_lib9automaton3dfa12minimizationINtB2_20DfaMinimizationTableuNtNtNtB6_3cfg6update16CFGCounterUpdateE9iter_someCsaYjQXJDQq9v_12vass_n_reach
FNDA:400,_RNvMs_NtNtNtCs2hUxDLYgi0n_14vass_reach_lib9automaton3dfa12minimizationINtB4_25DfaMinimizationTableEntryuE14add_transitionCsaYjQXJDQq9v_12vass_n_reach
FNDA:52,_RNvMs_NtNtNtCs2hUxDLYgi0n_14vass_reach_lib9automaton3dfa12minimizationINtB4_25DfaMinimizationTableEntryuE3newCsaYjQXJDQq9v_12vass_n_reach
FNDA:7,_RNvXs0_NtNtNtCs2hUxDLYgi0n_14vass_reach_lib9automaton3dfa12minimizationINtB7_3DFAuNtNtNtB9_3cfg6update16CFGCounterUpdateENtB5_11Minimizable8minimizeCsaYjQXJDQq9v_12vass_n_reach
FNDA:0,_RNCNvMNtNtNtCs8RRi2RJs6bh_14vass_reach_lib9automaton3dfa12minimizationINtB4_20DfaMinimizationTableppE13iter_mut_some0Ba_
FNDA:0,_RNCNvMNtNtNtCs8RRi2RJs6bh_14vass_reach_lib9automaton3dfa12minimizationINtB4_20DfaMinimizationTableppE3new0Ba_
FNDA:0,_RNCNvMNtNtNtCs8RRi2RJs6bh_14vass_reach_lib9automaton3dfa12minimizationINtB4_20DfaMinimizationTableppE9iter_some0Ba_
FNDA:0,_RNCNvXININtNtNtCs8RRi2RJs6bh_14vass_reach_lib9automaton3dfa12minimizations0_0ppEINtB9_3DFAppENtB7_11Minimizable8minimize0Bd_
FNDA:0,_RNCNvXININtNtNtCs8RRi2RJs6bh_14vass_reach_lib9automaton3dfa12minimizations0_0ppEINtB9_3DFAppENtB7_11Minimizable8minimizes_0Bd_
FNDA:0,_RNvMNtNtNtCs8RRi2RJs6bh_14vass_reach_lib9automaton3dfa12minimizationINtB2_20DfaMinimizationTableppE13iter_mut_someB8_
FNDA:0,_RNvMNtNtNtCs8RRi2RJs6bh_14vass_reach_lib9automaton3dfa12minimizationINtB2_20DfaMinimizationTableppE22find_equivalent_statesB8_
FNDA:0,_RNvMNtNtNtCs8RRi2RJs6bh_14vass_reach_lib9automaton3dfa12minimizationINtB2_20DfaMinimizationTableppE3newB8_
FNDA:0,_RNvMNtNtNtCs8RRi2RJs6bh_14vass_reach_lib9automaton3dfa12minimizationINtB2_20DfaMinimizationTableppE6to_dfaB8_
FNDA:0,_RNvMNtNtNtCs8RRi2RJs6bh_14vass_reach_lib9automaton3dfa12minimizationINtB2_20DfaMinimizationTableppE8minimizeB8_
FNDA:0,_RNvMNtNtNtCs8RRi2RJs6bh_14vass_reach_lib9automaton3dfa12minimizationINtB2_20DfaMinimizationTableppE9add_entryB8_
FNDA:0,_RNvMNtNtNtCs8RRi2RJs6bh_14vass_reach_lib9automaton3dfa12minimizationINtB2_20DfaMinimizationTableppE9iter_someB8_
FNDA:0,_RNvMs_NtNtNtCs8RRi2RJs6bh_14vass_reach_lib9automaton3dfa12minimizationINtB4_25DfaMinimizationTableEntrypE14add_transitionBa_
FNDA:0,_RNvMs_NtNtNtCs8RRi2RJs6bh_14vass_reach_lib9automaton3dfa12minimizationINtB4_25DfaMinimizationTableEntrypE3newBa_
FNDA:0,_RNvXININtNtNtCs8RRi2RJs6bh_14vass_reach_lib9automaton3dfa12minimizations0_0ppEINtB7_3DFAppENtB5_11Minimizable8minimizeBb_
FNDA:48,_RNCNvMNtNtNtCs2hUxDLYgi0n_14vass_reach_lib9automaton3dfa12minimizationINtB4_20DfaMinimizationTableuNtNtNtB8_3cfg6update16CFGCounterUpdateE13iter_mut_some0CseoIxkIhB6T8_12vass_z_reach
FNDA:16,_RNCNvMNtNtNtCs2hUxDLYgi0n_14vass_reach_lib9automaton3dfa12minimizationINtB4_20DfaMinimizationTableuNtNtNtB8_3cfg6update16CFGCounterUpdateE3new0CseoIxkIhB6T8_12vass_z_reach
FNDA:2768,_RNCNvMNtNtNtCs2hUxDLYgi0n_14vass_reach_lib9automaton3dfa12minimizationINtB4_20DfaMinimizationTableuNtNtNtB8_3cfg6update16CFGCounterUpdateE9iter_some0CseoIxkIhB6T8_12vass_z_reach
FNDA:336,_RNCNvXs0_NtNtNtCs2hUxDLYgi0n_14vass_reach_lib9automaton3dfa12minimizationINtB9_3DFAuNtNtNtBb_3cfg6update16CFGCounterUpdateENtB7_11Minimizable8minimize0CseoIxkIhB6T8_12vass_z_reach
FNDA:96,_RNCNvXs0_NtNtNtCs2hUxDLYgi0n_14vass_reach_lib9automaton3dfa12minimizationINtB9_3DFAuNtNtNtBb_3cfg6update16CFGCounterUpdateENtB7_11Minimizable8minimizes_0CseoIxkIhB6T8_12vass_z_reach
FNDA:3,_RNvMNtNtNtCs2hUxDLYgi0n_14vass_reach_lib9automaton3dfa12minimizationINtB2_20DfaMinimizationTableuNtNtNtB6_3cfg6update16CFGCounterUpdateE13iter_mut_someCseoIxkIhB6T8_12vass_z_reach
FNDA:1,_RNvMNtNtNtCs2hUxDLYgi0n_14vass_reach_lib9automaton3dfa12minimizationINtB2_20DfaMinimizationTableuNtNtNtB6_3cfg6update16CFGCounterUpdateE22find_equivalent_statesCseoIxkIhB6T8_12vass_z_reach
FNDA:1,_RNvMNtNtNtCs2hUxDLYgi0n_14vass_reach_lib9automaton3dfa12minimizationINtB2_20DfaMinimizationTableuNtNtNtB6_3cfg6update16CFGCounterUpdateE3newCseoIxkIhB6T8_12vass_z_reach
FNDA:1,_RNvMNtNtNtCs2hUxDLYgi0n_14vass_reach_lib9automaton3dfa12minimizationINtB2_20DfaMinimizationTableuNtNtNtB6_3cfg6update16CFGCounterUpdateE6to_dfaCseoIxkIhB6T8_12vass_z_reach
FNDA:1,_RNvMNtNtNtCs2hUxDLYgi0n_14vass_reach_lib9automaton3dfa12minimizationINtB2_20DfaMinimizationTableuNtNtNtB6_3cfg6update16CFGCounterUpdateE8minimizeCseoIxkIhB6T8_12vass_z_reach
FNDA:16,_RNvMNtNtNtCs2hUxDLYgi0n_14vass_reach_lib9automaton3dfa12minimizationINtB2_20DfaMinimizationTableuNtNtNtB6_3cfg6update16CFGCounterUpdateE9add_entryCseoIxkIhB6T8_12vass_z_reach
FNDA:173,_RNvMNtNtNtCs2hUxDLYgi0n_14vass_reach_lib9automaton3dfa12minimizationINtB2_20DfaMinimizationTableuNtNtNtB6_3cfg6update16CFGCounterUpdateE9iter_someCseoIxkIhB6T8_12vass_z_reach
FNDA:96,_RNvMs_NtNtNtCs2hUxDLYgi0n_14vass_reach_lib9automaton3dfa12minimizationINtB4_25DfaMinimizationTableEntryuE14add_transitionCseoIxkIhB6T8_12vass_z_reach
FNDA:16,_RNvMs_NtNtNtCs2hUxDLYgi0n_14vass_reach_lib9automaton3dfa12minimizationINtB4_25DfaMinimizationTableEntryuE3newCseoIxkIhB6T8_12vass_z_reach
FNDA:1,_RNvXs0_NtNtNtCs2hUxDLYgi0n_14vass_reach_lib9automaton3dfa12minimizationINtB7_3DFAuNtNtNtB9_3cfg6update16CFGCounterUpdateENtB5_11Minimizable8minimizeCseoIxkIhB6T8_12vass_z_reach
FNF:15
FNH:15
DA:25,14
DA:26,14
DA:27,14
DA:28,14
DA:29,100
DA:30,14
DA:31,14
DA:33,14
DA:34,14
DA:35,14
DA:36,14
DA:37,14
DA:38,14
DA:41,732
DA:42,7734
DA:43,732
DA:46,17
DA:47,153
DA:48,17
DA:52,98
DA:53,98
DA:54,98
DA:56,14
DA:57,98
DA:58,98
DA:59,98
DA:60,98
DA:66,14
DA:71,21
DA:72,21
DA:73,4
DA:74,17
DA:76,17
DA:77,17
DA:79,17
DA:86,17
DA:91,124
DA:92,755
DA:93,755
DA:94,13
DA:95,742
DA:101,14
DA:103,14
DA:104,14
DA:106,14
DA:108,81
DA:109,81
DA:110,81
DA:111,14
DA:112,67
DA:114,81
DA:119,81
DA:120,81
DA:121,81
DA:123,512
DA:124,512
DA:125,512
DA:126,512
DA:127,512
DA:128,427
DA:129,427
DA:132,81
DA:133,13
DA:134,68
DA:137,14
DA:139,14
DA:140,14
DA:142,14
DA:143,14
DA:144,14
DA:148,98
DA:149,940
DA:150,940
DA:151,940
DA:153,940
DA:154,519
DA:155,421
DA:157,421
DA:158,0
DA:159,421
DA:161,421
DA:162,90
DA:163,331
DA:169,14
DA:170,59
DA:171,45
DA:173,421
DA:174,4943
DA:175,4943
DA:176,4943
DA:178,4943
DA:179,2682
DA:180,2261
DA:182,2261
DA:183,1580
DA:184,681
DA:186,4710
DA:187,4710
DA:188,4710
DA:190,4710
DA:191,4024
DA:192,4024
DA:194,4710
DA:195,381
DA:196,381
DA:197,4329
DA:220,14
DA:222,98
DA:223,940
DA:224,940
DA:225,940
DA:227,940
DA:228,519
DA:229,421
DA:231,421
DA:232,21
DA:233,21
DA:234,400
DA:238,14
DA:239,14
DA:252,98
DA:253,98
DA:254,98
DA:255,98
DA:256,98
DA:257,98
DA:258,98
DA:259,98
DA:260,98
DA:262,592
DA:263,592
DA:264,592
DA:272,14
DA:273,14
DA:274,14
DA:276,14
DA:278,14
DA:279,14
DA:280,14
DA:281,14
DA:283,112
DA:284,98
DA:285,98
DA:286,98
DA:287,98
DA:288,98
DA:291,592
DA:292,592
DA:293,592
DA:294,592
DA:295,2462
DA:296,592
DA:298,592
DA:299,0
DA:301,0
DA:302,592
DA:304,592
DA:306,592
DA:308,592
DA:309,84
DA:310,508
DA:313,98
DA:316,14
DA:318,14
DA:319,14
BRF:0
BRH:0
LF:170
LH:167
end_of_record
SF:/home/lemon/src/rust-automata/packages/vass-reach-lib/src/automaton/dfa/mod.rs
FN:419,_RINvMNtNtCs2hUxDLYgi0n_14vass_reach_lib9automaton3dfaINtB3_3DFAmcE12is_subset_ofmECs43NobSSaLSd_3dfa
FN:261,_RINvMNtNtCs2hUxDLYgi0n_14vass_reach_lib9automaton3dfaINtB3_3DFAmcE9intersectmECs43NobSSaLSd_3dfa
FN:674,_RINvXs4_NtNtCs2hUxDLYgi0n_14vass_reach_lib9automaton3dfaINtB6_3DFAmcENtB8_8Language7acceptsINtNtNtCs7xuAoyMVi4A_4core5slice4iter4ItercEECs43NobSSaLSd_3dfa
FN:674,_RINvXs4_NtNtCs2hUxDLYgi0n_14vass_reach_lib9automaton3dfaINtB6_3DFAmcENtB8_8Language7acceptsRAcj2_ECs43NobSSaLSd_3dfa
FN:674,_RINvXs4_NtNtCs2hUxDLYgi0n_14vass_reach_lib9automaton3dfaINtB6_3DFAmcENtB8_8Language7acceptsRAcj4_ECs43NobSSaLSd_3dfa
FN:674,_RINvXs4_NtNtCs2hUxDLYgi0n_14vass_reach_lib9automaton3dfaINtB6_3DFAmcENtB8_8Language7acceptsRINtNtCs1EFbPCGXlWb_5alloc3vec3VeccEECs43NobSSaLSd_3dfa
FN:674,_RINvXs4_NtNtCs2hUxDLYgi0n_14vass_reach_lib9automaton3dfaINtB6_3DFAmlENtB8_8Language7acceptsINtNtNtCs7xuAoyMVi4A_4core5slice4iter4IterlEECs43NobSSaLSd_3dfa
FN:674,_RINvXs4_NtNtCs2hUxDLYgi0n_14vass_reach_lib9automaton3dfaINtB6_3DFAucENtB8_8Language7acceptsINtNtNtCs7xuAoyMVi4A_4core5slice4iter4ItercEECs43NobSSaLSd_3dfa
FN:310,_RNCINvMNtNtCs2hUxDLYgi0n_14vass_reach_lib9automaton3dfaINtB5_3DFAmcE9intersectmE0Cs43NobSSaLSd_3dfa
FN:692,_RNCINvXs4_NtNtCs2hUxDLYgi0n_14vass_reach_lib9automaton3dfaINtB8_3DFAmcENtBa_8Language7acceptsINtNtNtCs7xuAoyMVi4A_4core5slice4iter4ItercEE0Cs43NobSSaLSd_3dfa
FN:700,_RNCINvXs4_NtNtCs2hUxDLYgi0n_14vass_reach_lib9automaton3dfaINtB8_3DFAmcENtBa_8Language7acceptsINtNtNtCs7xuAoyMVi4A_4core5slice4iter4ItercEEs0_0Cs43NobSSaLSd_3dfa
FN:693,_RNCINvXs4_NtNtCs2hUxDLYgi0n_14vass_reach_lib9automaton3dfaINtB8_3DFAmcENtBa_8Language7acceptsINtNtNtCs7xuAoyMVi4A_4core5slice4iter4ItercEEs_0Cs43NobSSaLSd_3dfa
FN:692,_RNCINvXs4_NtNtCs2hUxDLYgi0n_14vass_reach_lib9automaton3dfaINtB8_3DFAmcENtBa_8Language7acceptsRAcj2_E0Cs43NobSSaLSd_3dfa
FN:700,_RNCINvXs4_NtNtCs2hUxDLYgi0n_14vass_reach_lib9automaton3dfaINtB8_3DFAmcENtBa_8Language7acceptsRAcj2_Es0_0Cs43NobSSaLSd_3dfa
FN:693,_RNCINvXs4_NtNtCs2hUxDLYgi0n_14vass_reach_lib9automaton3dfaINtB8_3DFAmcENtBa_8Language7acceptsRAcj2_Es_0Cs43NobSSaLSd_3dfa
FN:692,_RNCINvXs4_NtNtCs2hUxDLYgi0n_14vass_reach_lib9automaton3dfaINtB8_3DFAmcENtBa_8Language7acceptsRAcj4_E0Cs43NobSSaLSd_3dfa
FN:700,_RNCINvXs4_NtNtCs2hUxDLYgi0n_14vass_reach_lib9automaton3dfaINtB8_3DFAmcENtBa_8Language7acceptsRAcj4_Es0_0Cs43NobSSaLSd_3dfa
FN:693,_RNCINvXs4_NtNtCs2hUxDLYgi0n_14vass_reach_lib9automaton3dfaINtB8_3DFAmcENtBa_8Language7acceptsRAcj4_Es_0Cs43NobSSaLSd_3dfa
FN:692,_RNCINvXs4_NtNtCs2hUxDLYgi0n_14vass_reach_lib9automaton3dfaINtB8_3DFAmcENtBa_8Language7acceptsRINtNtCs1EFbPCGXlWb_5alloc3vec3VeccEE0Cs43NobSSaLSd_3dfa
FN:700,_RNCINvXs4_NtNtCs2hUxDLYgi0n_14vass_reach_lib9automaton3dfaINtB8_3DFAmcENtBa_8Language7acceptsRINtNtCs1EFbPCGXlWb_5alloc3vec3VeccEEs0_0Cs43NobSSaLSd_3dfa
FN:693,_RNCINvXs4_NtNtCs2hUxDLYgi0n_14vass_reach_lib9automaton3dfaINtB8_3DFAmcENtBa_8Language7acceptsRINtNtCs1EFbPCGXlWb_5alloc3vec3VeccEEs_0Cs43NobSSaLSd_3dfa
FN:692,_RNCINvXs4_NtNtCs2hUxDLYgi0n_14vass_reach_lib9automaton3dfaINtB8_3DFAmlENtBa_8Language7acceptsINtNtNtCs7xuAoyMVi4A_4core5slice4iter4IterlEE0Cs43NobSSaLSd_3dfa
FN:700,_RNCINvXs4_NtNtCs2hUxDLYgi0n_14vass_reach_lib9automaton3dfaINtB8_3DFAmlENtBa_8Language7acceptsINtNtNtCs7xuAoyMVi4A_4core5slice4iter4IterlEEs0_0Cs43NobSSaLSd_3dfa
FN:693,_RNCINvXs4_NtNtCs2hUxDLYgi0n_14vass_reach_lib9automaton3dfaINtB8_3DFAmlENtBa_8Language7acceptsINtNtNtCs7xuAoyMVi4A_4core5slice4iter4IterlEEs_0Cs43NobSSaLSd_3dfa
FN:692,_RNCINvXs4_NtNtCs2hUxDLYgi0n_14vass_reach_lib9automaton3dfaINtB8_3DFAucENtBa_8Language7acceptsINtNtNtCs7xuAoyMVi4A_4core5slice4iter4ItercEE0Cs43NobSSaLSd_3dfa
FN:700,_RNCINvXs4_NtNtCs2hUxDLYgi0n_14vass_reach_lib9automaton3dfaINtB8_3DFAucENtBa_8Language7acceptsINtNtNtCs7xuAoyMVi4A_4core5slice4iter4ItercEEs0_0Cs43NobSSaLSd_3dfa
FN:693,_RNCINvXs4_NtNtCs2hUxDLYgi0n_14vass_reach_lib9automaton3dfaINtB8_3DFAucENtBa_8Language7acceptsINtNtNtCs7xuAoyMVi4A_4core5slice4iter4ItercEEs_0Cs43NobSSaLSd_3dfa
FN:127,_RNCNvMNtNtCs2hUxDLYgi0n_14vass_reach_lib9automaton3dfaINtB4_3DFAmcE13make_complete0Cs43NobSSaLSd_3dfa
FN:83,_RNCNvMNtNtCs2hUxDLYgi0n_14vass_reach_lib9automaton3dfaINtB4_3DFAmcE14check_complete0Cs43NobSSaLSd_3dfa
FN:381,_RNCNvMNtNtCs2hUxDLYgi0n_14vass_reach_lib9automaton3dfaINtB4_3DFAmcE17has_accepting_run0Cs43NobSSaLSd_3dfa
FN:83,_RNCNvMNtNtCs2hUxDLYgi0n_14vass_reach_lib9automaton3dfaINtB4_3DFAmlE14check_complete0Cs43NobSSaLSd_3dfa
FN:83,_RNCNvMNtNtCs2hUxDLYgi0n_14vass_reach_lib9automaton3dfaINtB4_3DFAucE14check_complete0Cs43NobSSaLSd_3dfa
FN:105,_RNCNvMNtNtCs2hUxDLYgi0n_14vass_reach_lib9automaton3dfaINtB4_3DFAucE15assert_complete0Cs43NobSSaLSd_3dfa
FN:627,_RNCNvXs2_NtNtCs2hUxDLYgi0n_14vass_reach_lib9automaton3dfaINtB7_3DFAmcEINtB9_19ModifiableAutomatonNtB9_13DeterministicE8add_edge0Cs43NobSSaLSd_3dfa
FN:618,_RNCNvXs2_NtNtCs2hUxDLYgi0n_14vass_reach_lib9automaton3dfaINtB7_3DFAmcEINtB9_19ModifiableAutomatonNtB9_13DeterministicE8add_edges_0Cs43NobSSaLSd_3dfa
FN:627,_RNCNvXs2_NtNtCs2hUxDLYgi0n_14vass_reach_lib9automaton3dfaINtB7_3DFAmlEINtB9_19ModifiableAutomatonNtB9_13DeterministicE8add_edge0Cs43NobSSaLSd_3dfa
FN:618,_RNCNvXs2_NtNtCs2hUxDLYgi0n_14vass_reach_lib9automaton3dfaINtB7_3DFAmlEINtB9_19ModifiableAutomatonNtB9_13DeterministicE8add_edges_0Cs43NobSSaLSd_3dfa
FN:627,_RNCNvXs2_NtNtCs2hUxDLYgi0n_14vass_reach_lib9automaton3dfaINtB7_3DFAucEINtB9_19ModifiableAutomatonNtB9_13DeterministicE8add_edge0Cs43NobSSaLSd_3dfa
FN:618,_RNCNvXs2_NtNtCs2hUxDLYgi0n_14vass_reach_lib9automaton3dfaINtB7_3DFAucEINtB9_19ModifiableAutomatonNtB9_13DeterministicE8add_edges_0Cs43NobSSaLSd_3dfa
FN:214,_RNvMNtNtCs2hUxDLYgi0n_14vass_reach_lib9automaton3dfaINtB2_3DFAmcE10invert_mutCs43NobSSaLSd_3dfa
FN:51,_RNvMNtNtCs2hUxDLYgi0n_14vass_reach_lib9automaton3dfaINtB2_3DFAmcE11is_completeCs43NobSSaLSd_3dfa
FN:222,_RNvMNtNtCs2hUxDLYgi0n_14vass_reach_lib9automaton3dfaINtB2_3DFAmcE11reverse_nfaCs43NobSSaLSd_3dfa
FN:43,_RNvMNtNtCs2hUxDLYgi0n_14vass_reach_lib9automaton3dfaINtB2_3DFAmcE11set_initialCs43NobSSaLSd_3dfa
FN:119,_RNvMNtNtCs2hUxDLYgi0n_14vass_reach_lib9automaton3dfaINtB2_3DFAmcE13make_completeCs43NobSSaLSd_3dfa
FN:77,_RNvMNtNtCs2hUxDLYgi0n_14vass_reach_lib9automaton3dfaINtB2_3DFAmcE14check_completeCs43NobSSaLSd_3dfa
FN:377,_RNvMNtNtCs2hUxDLYgi0n_14vass_reach_lib9automaton3dfaINtB2_3DFAmcE17has_accepting_runCs43NobSSaLSd_3dfa
FN:409,_RNvMNtNtCs2hUxDLYgi0n_14vass_reach_lib9automaton3dfaINtB2_3DFAmcE17is_language_emptyCs43NobSSaLSd_3dfa
FN:65,_RNvMNtNtCs2hUxDLYgi0n_14vass_reach_lib9automaton3dfaINtB2_3DFAmcE22set_complete_uncheckedCs43NobSSaLSd_3dfa
FN:429,_RNvMNtNtCs2hUxDLYgi0n_14vass_reach_lib9automaton3dfaINtB2_3DFAmcE24find_loop_rooted_in_nodeCs43NobSSaLSd_3dfa
FN:463,_RNvMNtNtCs2hUxDLYgi0n_14vass_reach_lib9automaton3dfaINtB2_3DFAmcE25find_loops_rooted_in_nodeCs43NobSSaLSd_3dfa
FN:32,_RNvMNtNtCs2hUxDLYgi0n_14vass_reach_lib9automaton3dfaINtB2_3DFAmcE3newCs43NobSSaLSd_3dfa
FN:189,_RNvMNtNtCs2hUxDLYgi0n_14vass_reach_lib9automaton3dfaINtB2_3DFAmcE6invertCs43NobSSaLSd_3dfa
FN:255,_RNvMNtNtCs2hUxDLYgi0n_14vass_reach_lib9automaton3dfaINtB2_3DFAmcE7reverseCs43NobSSaLSd_3dfa
FN:500,_RNvMNtNtCs2hUxDLYgi0n_14vass_reach_lib9automaton3dfaINtB2_3DFAmcE8subgraphCs43NobSSaLSd_3dfa
FN:51,_RNvMNtNtCs2hUxDLYgi0n_14vass_reach_lib9automaton3dfaINtB2_3DFAmlE11is_completeCs43NobSSaLSd_3dfa
FN:43,_RNvMNtNtCs2hUxDLYgi0n_14vass_reach_lib9automaton3dfaINtB2_3DFAmlE11set_initialCs43NobSSaLSd_3dfa
FN:77,_RNvMNtNtCs2hUxDLYgi0n_14vass_reach_lib9automaton3dfaINtB2_3DFAmlE14check_completeCs43NobSSaLSd_3dfa
FN:65,_RNvMNtNtCs2hUxDLYgi0n_14vass_reach_lib9automaton3dfaINtB2_3DFAmlE22set_complete_uncheckedCs43NobSSaLSd_3dfa
FN:32,_RNvMNtNtCs2hUxDLYgi0n_14vass_reach_lib9automaton3dfaINtB2_3DFAmlE3newCs43NobSSaLSd_3dfa
FN:43,_RNvMNtNtCs2hUxDLYgi0n_14vass_reach_lib9automaton3dfaINtB2_3DFAucE11set_initialCs43NobSSaLSd_3dfa
FN:77,_RNvMNtNtCs2hUxDLYgi0n_14vass_reach_lib9automaton3dfaINtB2_3DFAucE14check_completeCs43NobSSaLSd_3dfa
FN:99,_RNvMNtNtCs2hUxDLYgi0n_14vass_reach_lib9automaton3dfaINtB2_3DFAucE15assert_completeCs43NobSSaLSd_3dfa
FN:65,_RNvMNtNtCs2hUxDLYgi0n_14vass_reach_lib9automaton3dfaINtB2_3DFAucE22set_complete_uncheckedCs43NobSSaLSd_3dfa
FN:32,_RNvMNtNtCs2hUxDLYgi0n_14vass_reach_lib9automaton3dfaINtB2_3DFAucE3newCs43NobSSaLSd_3dfa
FN:547,_RNvXs0_NtNtCs2hUxDLYgi0n_14vass_reach_lib9automaton3dfaINtB5_3DFAmcEINtB7_9AutomatonNtB7_13DeterministicE10node_countCs43NobSSaLSd_3dfa
FN:547,_RNvXs0_NtNtCs2hUxDLYgi0n_14vass_reach_lib9automaton3dfaINtB5_3DFAmlEINtB7_9AutomatonNtB7_13DeterministicE10node_countCs43NobSSaLSd_3dfa
FN:616,_RNvXs2_NtNtCs2hUxDLYgi0n_14vass_reach_lib9automaton3dfaINtB5_3DFAmcEINtB7_19ModifiableAutomatonNtB7_13DeterministicE8add_edgeCs43NobSSaLSd_3dfa
FN:612,_RNvXs2_NtNtCs2hUxDLYgi0n_14vass_reach_lib9automaton3dfaINtB5_3DFAmcEINtB7_19ModifiableAutomatonNtB7_13DeterministicE8add_nodeCs43NobSSaLSd_3dfa
FN:616,_RNvXs2_NtNtCs2hUxDLYgi0n_14vass_reach_lib9automaton3dfaINtB5_3DFAmlEINtB7_19ModifiableAutomatonNtB7_13DeterministicE8add_edgeCs43NobSSaLSd_3dfa
FN:612,_RNvXs2_NtNtCs2hUxDLYgi0n_14vass_reach_lib9automaton3dfaINtB5_3DFAmlEINtB7_19ModifiableAutomatonNtB7_13DeterministicE8add_nodeCs43NobSSaLSd_3dfa
FN:616,_RNvXs2_NtNtCs2hUxDLYgi0n_14vass_reach_lib9automaton3dfaINtB5_3DFAucEINtB7_19ModifiableAutomatonNtB7_13DeterministicE8add_edgeCs43NobSSaLSd_3dfa
FN:612,_RNvXs2_NtNtCs2hUxDLYgi0n_14vass_reach_lib9automaton3dfaINtB5_3DFAucEINtB7_19ModifiableAutomatonNtB7_13DeterministicE8add_nodeCs43NobSSaLSd_3dfa
FN:538,_RNvXs_NtNtCs2hUxDLYgi0n_14vass_reach_lib9automaton3dfaINtB4_3DFAmcENtB6_8Alphabet8alphabetCs43NobSSaLSd_3dfa
FN:538,_RNvXs_NtNtCs2hUxDLYgi0n_14vass_reach_lib9automaton3dfaINtB4_3DFAmlENtB6_8Alphabet8alphabetCs43NobSSaLSd_3dfa
FN:261,_RINvMNtNtCs2hUxDLYgi0n_14vass_reach_lib9automaton3dfaINtB3_3DFAuNtNtNtB5_3cfg6update16CFGCounterUpdateE9intersectuEB7_
FN:310,_RNCINvMNtNtCs2hUxDLYgi0n_14vass_reach_lib9automaton3dfaINtB5_3DFAuNtNtNtB7_3cfg6update16CFGCounterUpdateE9intersectuE0B9_
FN:83,_RNCNvMNtNtCs2hUxDLYgi0n_14vass_reach_lib9automaton3dfaINtB4_3DFAuNtNtNtB6_3cfg6update16CFGCounterUpdateE14check_complete0B8_
FN:105,_RNCNvMNtNtCs2hUxDLYgi0n_14vass_reach_lib9automaton3dfaINtB4_3DFAuNtNtNtB6_3cfg6update16CFGCounterUpdateE15assert_complete0B8_
FN:595,_RNCNvXs1_NtNtCs2hUxDLYgi0n_14vass_reach_lib9automaton3dfaINtB7_3DFAuNtNtNtB9_3cfg6update16CFGCounterUpdateEINtB9_21ExplicitEdgeAutomatonNtB9_13DeterministicE21incoming_edge_indices0Bb_
FN:589,_RNCNvXs1_NtNtCs2hUxDLYgi0n_14vass_reach_lib9automaton3dfaINtB7_3DFAuNtNtNtB9_3cfg6update16CFGCounterUpdateEINtB9_21ExplicitEdgeAutomatonNtB9_13DeterministicE21outgoing_edge_indices0Bb_
FN:605,_RNCNvXs1_NtNtCs2hUxDLYgi0n_14vass_reach_lib9automaton3dfaINtB7_3DFAuNtNtNtB9_3cfg6update16CFGCounterUpdateEINtB9_21ExplicitEdgeAutomatonNtB9_13DeterministicE23connecting_edge_indices0Bb_
FN:627,_RNCNvXs2_NtNtCs2hUxDLYgi0n_14vass_reach_lib9automaton3dfaINtB7_3DFAuNtNtNtB9_3cfg6update16CFGCounterUpdateEINtB9_19ModifiableAutomatonNtB9_13DeterministicE8add_edge0Bb_
[...]
FNDA:0,_RNvMs0_NtNtCs8RRi2RJs6bh_14vass_reach_lib6solver12vass_z_reachINtB5_16VASSZReachSolverpE23max_time_reached_resultB9_
FNDA:0,_RNvMs0_NtNtCs8RRi2RJs6bh_14vass_reach_lib6solver12vass_z_reachINtB5_16VASSZReachSolverpE29max_iterations_reached_resultB9_
FNDA:0,_RNvMs0_NtNtCs8RRi2RJs6bh_14vass_reach_lib6solver12vass_z_reachINtB5_16VASSZReachSolverpE3newB9_
FNDA:0,_RNvMs0_NtNtCs8RRi2RJs6bh_14vass_reach_lib6solver12vass_z_reachINtB5_16VASSZReachSolverpE5solveB9_
FNDA:0,_RNvMs_NtNtCs8RRi2RJs6bh_14vass_reach_lib6solver12vass_z_reachINtB6_12SolverResultINtNtNtNtB8_9automaton4path12parikh_image11ParikhImageNtNtCsijRReng013a_8petgraph10graph_impl9EdgeIndexEuNtB4_21VASSZReachSolverErrorNtB4_26VASSZReachSolverStatisticsE16get_parikh_image
FNDA:3,_RINvMs_NtNtCs2hUxDLYgi0n_14vass_reach_lib6solver12vass_z_reachINtB7_12SolverResultINtNtNtNtB9_9automaton4path12parikh_image11ParikhImageNtNtCsijRReng013a_8petgraph10graph_impl9EdgeIndexEuNtB5_21VASSZReachSolverErrorNtB5_26VASSZReachSolverStatisticsE9build_runINtNtB1p_3dfa3DFAuNtNtNtB1p_3cfg6update16CFGCounterUpdateEECseoIxkIhB6T8_12vass_z_reach
FNDA:13,_RNCNvMs0_NtNtCs2hUxDLYgi0n_14vass_reach_lib6solver12vass_z_reachINtB7_16VASSZReachSolverINtNtNtBb_9automaton3dfa3DFAuNtNtNtB1t_3cfg6update16CFGCounterUpdateEE11solve_inner0CseoIxkIhB6T8_12vass_z_reach
FNDA:13,_RNCNvMs0_NtNtCs2hUxDLYgi0n_14vass_reach_lib6solver12vass_z_reachINtB7_16VASSZReachSolverINtNtNtBb_9automaton3dfa3DFAuNtNtNtB1t_3cfg6update16CFGCounterUpdateEE15get_solver_time0CseoIxkIhB6T8_12vass_z_reach
FNDA:0,_RNCNvMs0_NtNtCs2hUxDLYgi0n_14vass_reach_lib6solver12vass_z_reachINtB7_16VASSZReachSolverINtNtNtBb_9automaton3dfa3DFAuNtNtNtB1t_3cfg6update16CFGCounterUpdateEE22max_iterations_reached0CseoIxkIhB6T8_12vass_z_reach
FNDA:5,_RNCNvMs0_NtNtCs2hUxDLYgi0n_14vass_reach_lib6solver12vass_z_reachINtB7_16VASSZReachSolverINtNtNtBb_9automaton3dfa3DFAuNtNtNtB1t_3cfg6update16CFGCounterUpdateEE5solve0CseoIxkIhB6T8_12vass_z_reach
FNDA:5,_RNvMs0_NtNtCs2hUxDLYgi0n_14vass_reach_lib6solver12vass_z_reachINtB5_16VASSZReachSolverINtNtNtB9_9automaton3dfa3DFAuNtNtNtB1r_3cfg6update16CFGCounterUpdateEE11solve_innerCseoIxkIhB6T8_12vass_z_reach
FNDA:13,_RNvMs0_NtNtCs2hUxDLYgi0n_14vass_reach_lib6solver12vass_z_reachINtB5_16VASSZReachSolverINtNtNtB9_9automaton3dfa3DFAuNtNtNtB1r_3cfg6update16CFGCounterUpdateEE15get_solver_timeCseoIxkIhB6T8_12vass_z_reach
FNDA:8,_RNvMs0_NtNtCs2hUxDLYgi0n_14vass_reach_lib6solver12vass_z_reachINtB5_16VASSZReachSolverINtNtNtB9_9automaton3dfa3DFAuNtNtNtB1r_3cfg6update16CFGCounterUpdateEE16max_time_reachedCseoIxkIhB6T8_12vass_z_reach
FNDA:5,_RNvMs0_NtNtCs2hUxDLYgi0n_14vass_reach_lib6solver12vass_z_reachINtB5_16VASSZReachSolverINtNtNtB9_9automaton3dfa3DFAuNtNtNtB1r_3cfg6update16CFGCounterUpdateEE17get_solver_resultCseoIxkIhB6T8_12vass_z_reach
FNDA:5,_RNvMs0_NtNtCs2hUxDLYgi0n_14vass_reach_lib6solver12vass_z_reachINtB5_16VASSZReachSolverINtNtNtB9_9automaton3dfa3DFAuNtNtNtB1r_3cfg6update16CFGCounterUpdateEE21get_solver_statisticsCseoIxkIhB6T8_12vass_z_reach
FNDA:8,_RNvMs0_NtNtCs2hUxDLYgi0n_14vass_reach_lib6solver12vass_z_reachINtB5_16VASSZReachSolverINtNtNtB9_9automaton3dfa3DFAuNtNtNtB1r_3cfg6update16CFGCounterUpdateEE22max_iterations_reachedCseoIxkIhB6T8_12vass_z_reach
FNDA:0,_RNvMs0_NtNtCs2hUxDLYgi0n_14vass_reach_lib6solver12vass_z_reachINtB5_16VASSZReachSolverINtNtNtB9_9automaton3dfa3DFAuNtNtNtB1r_3cfg6update16CFGCounterUpdateEE23max_time_reached_resultCseoIxkIhB6T8_12vass_z_reach
FNDA:0,_RNvMs0_NtNtCs2hUxDLYgi0n_14vass_reach_lib6solver12vass_z_reachINtB5_16VASSZReachSolverINtNtNtB9_9automaton3dfa3DFAuNtNtNtB1r_3cfg6update16CFGCounterUpdateEE29max_iterations_reached_resultCseoIxkIhB6T8_12vass_z_reach
FNDA:5,_RNvMs0_NtNtCs2hUxDLYgi0n_14vass_reach_lib6solver12vass_z_reachINtB5_16VASSZReachSolverINtNtNtB9_9automaton3dfa3DFAuNtNtNtB1r_3cfg6update16CFGCounterUpdateEE3newCseoIxkIhB6T8_12vass_z_reach
FNDA:5,_RNvMs0_NtNtCs2hUxDLYgi0n_14vass_reach_lib6solver12vass_z_reachINtB5_16VASSZReachSolverINtNtNtB9_9automaton3dfa3DFAuNtNtNtB1r_3cfg6update16CFGCounterUpdateEE5solveCseoIxkIhB6T8_12vass_z_reach
FNDA:5,_RNvMNtNtCs2hUxDLYgi0n_14vass_reach_lib6solver12vass_z_reachNtB2_26VASSZReachSolverStatistics3new
FNDA:6,_RNvMs_NtNtCs2hUxDLYgi0n_14vass_reach_lib6solver12vass_z_reachINtB6_12SolverResultINtNtNtNtB8_9automaton4path12parikh_image11ParikhImageNtNtCsijRReng013a_8petgraph10graph_impl9EdgeIndexEuNtB4_21VASSZReachSolverErrorNtB4_26VASSZReachSolverStatisticsE16get_parikh_image
FNF:17
FNH:14
DA:34,5
DA:35,5
DA:36,5
DA:45,6
DA:46,6
DA:47,6
DA:48,0
DA:50,6
DA:52,3
DA:53,3
DA:54,3
DA:55,3
DA:56,3
DA:57,3
DA:58,3
DA:59,3
DA:60,3
DA:61,3
DA:100,5
DA:101,5
DA:102,5
DA:103,5
DA:104,5
DA:105,5
DA:106,5
DA:107,5
DA:108,5
DA:109,5
DA:110,5
DA:111,5
DA:112,5
DA:113,5
DA:114,5
DA:116,5
DA:117,5
DA:119,5
DA:120,5
DA:121,5
DA:122,5
DA:124,5
DA:125,5
DA:126,5
DA:128,5
DA:130,5
DA:133,5
DA:134,5
DA:135,5
DA:136,13
DA:137,5
DA:139,178
DA:140,178
DA:141,178
DA:142,178
DA:143,178
DA:144,178
DA:145,178
DA:146,178
DA:147,178
DA:148,178
DA:149,178
DA:150,178
DA:152,5
DA:154,32
DA:155,32
DA:156,32
DA:158,32
DA:160,32
DA:161,5
DA:163,27
DA:166,32
DA:167,5
DA:168,5
DA:169,5
DA:170,5
DA:171,5
DA:172,5
DA:173,5
DA:174,27
DA:176,178
DA:177,178
DA:178,178
DA:179,178
DA:181,178
DA:182,178
DA:183,178
DA:184,178
DA:188,32
DA:192,5
DA:195,13
DA:196,13
DA:197,13
DA:199,5
DA:203,13
DA:205,11
DA:206,11
DA:207,0
DA:208,0
DA:211,11
DA:212,11
DA:213,11
DA:214,11
DA:216,11
DA:217,3
DA:218,3
DA:219,8
DA:221,8
DA:222,0
DA:223,8
DA:225,8
DA:226,0
DA:227,8
DA:229,8
DA:231,8
DA:232,8
DA:233,8
DA:235,8
DA:238,2
DA:239,2
DA:242,0
DA:243,0
DA:248,5
DA:250,5
DA:251,5
DA:253,8
DA:254,8
DA:255,8
DA:256,8
DA:257,8
DA:258,8
DA:260,8
DA:261,8
DA:262,8
DA:263,0
DA:265,8
DA:267,0
DA:268,0
DA:269,0
DA:270,0
DA:272,0
DA:274,0
DA:275,0
DA:276,0
DA:277,0
DA:279,0
DA:281,5
DA:282,5
DA:283,5
DA:285,5
DA:286,5
DA:287,5
DA:289,13
DA:290,13
DA:291,13
BRF:0
BRH:0
LF:157
LH:138
end_of_record
SF:/home/lemon/src/rust-automata/packages/vass-reach-lib/src/threading/thread_pool.rs
FN:53,_RINvMNtNtCs2hUxDLYgi0n_14vass_reach_lib9threading11thread_poolINtB3_10ThreadPoolpE8schedulepEB7_
FN:158,_RINvMs0_NtNtCs2hUxDLYgi0n_14vass_reach_lib9threading11thread_poolNtB6_6Worker3newpEBa_
FN:166,_RNCINvMs0_NtNtCs2hUxDLYgi0n_14vass_reach_lib9threading11thread_poolNtB8_6Worker3newpE0Bc_
FN:108,_RNvMNtNtCs2hUxDLYgi0n_14vass_reach_lib9threading11thread_poolINtB2_10ThreadPoolpE15get_active_jobsB6_
FN:67,_RNvMNtNtCs2hUxDLYgi0n_14vass_reach_lib9threading11thread_poolINtB2_10ThreadPoolpE17get_finished_jobsB6_
FN:124,_RNvMNtNtCs2hUxDLYgi0n_14vass_reach_lib9threading11thread_poolINtB2_10ThreadPoolpE25block_until_x_active_jobsB6_
FN:118,_RNvMNtNtCs2hUxDLYgi0n_14vass_reach_lib9threading11thread_poolINtB2_10ThreadPoolpE26block_until_no_active_jobsB6_
FN:137,_RNvMNtNtCs2hUxDLYgi0n_14vass_reach_lib9threading11thread_poolINtB2_10ThreadPoolpE36block_until_x_active_jobs_if_above_yB6_
FN:23,_RNvMNtNtCs2hUxDLYgi0n_14vass_reach_lib9threading11thread_poolINtB2_10ThreadPoolpE3newB6_
FN:76,_RNvMNtNtCs2hUxDLYgi0n_14vass_reach_lib9threading11thread_poolINtB2_10ThreadPoolpE4joinB6_
FN:112,_RNvMNtNtCs2hUxDLYgi0n_14vass_reach_lib9threading11thread_poolINtB2_10ThreadPoolpE7is_idleB6_
FN:103,_RNvMNtNtCs2hUxDLYgi0n_14vass_reach_lib9threading11thread_poolINtB2_10ThreadPoolpE9is_joinedB6_
FN:145,_RNvXININtNtCs2hUxDLYgi0n_14vass_reach_lib9threading11thread_pools_0pEINtB5_10ThreadPoolpENtNtNtCs7xuAoyMVi4A_4core3ops4drop4Drop4dropB9_
FN:53,_RINvMNtNtCs8RRi2RJs6bh_14vass_reach_lib9threading11thread_poolINtB3_10ThreadPoolpE8schedulepEB7_
FN:158,_RINvMs0_NtNtCs8RRi2RJs6bh_14vass_reach_lib9threading11thread_poolNtB6_6Worker3newpEBa_
FN:166,_RNCINvMs0_NtNtCs8RRi2RJs6bh_14vass_reach_lib9threading11thread_poolNtB8_6Worker3newpE0Bc_
FN:108,_RNvMNtNtCs8RRi2RJs6bh_14vass_reach_lib9threading11thread_poolINtB2_10ThreadPoolpE15get_active_jobsB6_
FN:67,_RNvMNtNtCs8RRi2RJs6bh_14vass_reach_lib9threading11thread_poolINtB2_10ThreadPoolpE17get_finished_jobsB6_
FN:124,_RNvMNtNtCs8RRi2RJs6bh_14vass_reach_lib9threading11thread_poolINtB2_10ThreadPoolpE25block_until_x_active_jobsB6_
FN:118,_RNvMNtNtCs8RRi2RJs6bh_14vass_reach_lib9threading11thread_poolINtB2_10ThreadPoolpE26block_until_no_active_jobsB6_
FN:137,_RNvMNtNtCs8RRi2RJs6bh_14vass_reach_lib9threading11thread_poolINtB2_10ThreadPoolpE36block_until_x_active_jobs_if_above_yB6_
FN:23,_RNvMNtNtCs8RRi2RJs6bh_14vass_reach_lib9threading11thread_poolINtB2_10ThreadPoolpE3newB6_
FN:76,_RNvMNtNtCs8RRi2RJs6bh_14vass_reach_lib9threading11thread_poolINtB2_10ThreadPoolpE4joinB6_
FN:112,_RNvMNtNtCs8RRi2RJs6bh_14vass_reach_lib9threading11thread_poolINtB2_10ThreadPoolpE7is_idleB6_
FN:103,_RNvMNtNtCs8RRi2RJs6bh_14vass_reach_lib9threading11thread_poolINtB2_10ThreadPoolpE9is_joinedB6_
FN:145,_RNvXININtNtCs8RRi2RJs6bh_14vass_reach_lib9threading11thread_pools_0pEINtB5_10ThreadPoolpENtNtNtCs7xuAoyMVi4A_4core3ops4drop4Drop4dropB9_
FNDA:0,_RINvMNtNtCs2hUxDLYgi0n_14vass_reach_lib9threading11thread_poolINtB3_10ThreadPoolpE8schedulepEB7_
FNDA:0,_RINvMs0_NtNtCs2hUxDLYgi0n_14vass_reach_lib9threading11thread_poolNtB6_6Worker3newpEBa_
FNDA:0,_RNCINvMs0_NtNtCs2hUxDLYgi0n_14vass_reach_lib9threading11thread_poolNtB8_6Worker3newpE0Bc_
FNDA:0,_RNvMNtNtCs2hUxDLYgi0n_14vass_reach_lib9threading11thread_poolINtB2_10ThreadPoolpE15get_active_jobsB6_
FNDA:0,_RNvMNtNtCs2hUxDLYgi0n_14vass_reach_lib9threading11thread_poolINtB2_10ThreadPoolpE17get_finished_jobsB6_
FNDA:0,_RNvMNtNtCs2hUxDLYgi0n_14vass_reach_lib9threading11thread_poolINtB2_10ThreadPoolpE25block_until_x_active_jobsB6_
FNDA:0,_RNvMNtNtCs2hUxDLYgi0n_14vass_reach_lib9threading11thread_poolINtB2_10ThreadPoolpE26block_until_no_active_jobsB6_
FNDA:0,_RNvMNtNtCs2hUxDLYgi0n_14vass_reach_lib9threading11thread_poolINtB2_10ThreadPoolpE36block_until_x_active_jobs_if_above_yB6_
FNDA:0,_RNvMNtNtCs2hUxDLYgi0n_14vass_reach_lib9threading11thread_poolINtB2_10ThreadPoolpE3newB6_
FNDA:0,_RNvMNtNtCs2hUxDLYgi0n_14vass_reach_lib9threading11thread_poolINtB2_10ThreadPoolpE4joinB6_
FNDA:0,_RNvMNtNtCs2hUxDLYgi0n_14vass_reach_lib9threading11thread_poolINtB2_10ThreadPoolpE7is_idleB6_
FNDA:0,_RNvMNtNtCs2hUxDLYgi0n_14vass_reach_lib9threading11thread_poolINtB2_10ThreadPoolpE9is_joinedB6_
FNDA:0,_RNvXININtNtCs2hUxDLYgi0n_14vass_reach_lib9threading11thread_pools_0pEINtB5_10ThreadPoolpENtNtNtCs7xuAoyMVi4A_4core3ops4drop4Drop4dropB9_
FNDA:0,_RINvMNtNtCs8RRi2RJs6bh_14vass_reach_lib9threading11thread_poolINtB3_10ThreadPoolpE8schedulepEB7_
FNDA:0,_RINvMs0_NtNtCs8RRi2RJs6bh_14vass_reach_lib9threading11thread_poolNtB6_6Worker3newpEBa_
FNDA:0,_RNCINvMs0_NtNtCs8RRi2RJs6bh_14vass_reach_lib9threading11thread_poolNtB8_6Worker3newpE0Bc_
FNDA:0,_RNvMNtNtCs8RRi2RJs6bh_14vass_reach_lib9threading11thread_poolINtB2_10ThreadPoolpE15get_active_jobsB6_
FNDA:0,_RNvMNtNtCs8RRi2RJs6bh_14vass_reach_lib9threading11thread_poolINtB2_10ThreadPoolpE17get_finished_jobsB6_
FNDA:0,_RNvMNtNtCs8RRi2RJs6bh_14vass_reach_lib9threading11thread_poolINtB2_10ThreadPoolpE25block_until_x_active_jobsB6_
FNDA:0,_RNvMNtNtCs8RRi2RJs6bh_14vass_reach_lib9threading11thread_poolINtB2_10ThreadPoolpE26block_until_no_active_jobsB6_
FNDA:0,_RNvMNtNtCs8RRi2RJs6bh_14vass_reach_lib9threading11thread_poolINtB2_10ThreadPoolpE36block_until_x_active_jobs_if_above_yB6_
FNDA:0,_RNvMNtNtCs8RRi2RJs6bh_14vass_reach_lib9threading11thread_poolINtB2_10ThreadPoolpE3newB6_
FNDA:0,_RNvMNtNtCs8RRi2RJs6bh_14vass_reach_lib9threading11thread_poolINtB2_10ThreadPoolpE4joinB6_
FNDA:0,_RNvMNtNtCs8RRi2RJs6bh_14vass_reach_lib9threading11thread_poolINtB2_10ThreadPoolpE7is_idleB6_
FNDA:0,_RNvMNtNtCs8RRi2RJs6bh_14vass_reach_lib9threading11thread_poolINtB2_10ThreadPoolpE9is_joinedB6_
FNDA:0,_RNvXININtNtCs8RRi2RJs6bh_14vass_reach_lib9threading11thread_pools_0pEINtB5_10ThreadPoolpENtNtNtCs7xuAoyMVi4A_4core3ops4drop4Drop4dropB9_
FNF:13
FNH:0
DA:23,0
DA:24,0
DA:26,0
DA:27,0
DA:28,0
DA:30,0
DA:32,0
DA:34,0
DA:35,0
DA:36,0
DA:37,0
DA:38,0
DA:39,0
DA:40,0
DA:41,0
DA:43,0
DA:44,0
DA:45,0
DA:46,0
DA:47,0
DA:48,0
DA:49,0
DA:50,0
DA:53,0
DA:54,0
DA:55,0
DA:56,0
DA:58,0
DA:60,0
DA:61,0
DA:62,0
DA:64,0
DA:67,0
DA:68,0
DA:69,0
DA:76,0
DA:77,0
DA:78,0
DA:79,0
DA:81,0
DA:83,0
DA:85,0
DA:86,0
DA:87,0
DA:88,0
DA:89,0
DA:91,0
DA:93,0
DA:94,0
DA:95,0
DA:96,0
DA:97,0
DA:99,0
DA:101,0
DA:103,0
DA:104,0
DA:105,0
DA:108,0
DA:109,0
DA:110,0
DA:112,0
DA:113,0
DA:114,0
DA:118,0
DA:119,0
DA:120,0
DA:124,0
DA:125,0
DA:126,0
DA:127,0
DA:129,0
DA:130,0
DA:131,0
DA:132,0
DA:137,0
DA:138,0
DA:139,0
DA:140,0
DA:141,0
DA:145,0
DA:146,0
DA:147,0
DA:158,0
DA:159,0
DA:160,0
DA:161,0
DA:162,0
DA:163,0
DA:164,0
DA:166,0
DA:168,0
DA:169,0
DA:170,0
DA:173,0
DA:174,0
DA:175,0
DA:178,0
DA:180,0
DA:182,0
DA:184,0
DA:186,0
DA:187,0
DA:188,0
DA:189,0
DA:190,0
DA:191,0
BRF:0
BRH:0
LF:107
LH:0
end_of_record
SF:/home/lemon/src/rust-automata/packages/vass-reach-lib/src/utils.rs
FN:2,_RINvNtCs2hUxDLYgi0n_14vass_reach_lib5utils17replace_with_manypppEB4_
FN:14,_RNvNtCs8RRi2RJs6bh_14vass_reach_lib5utilss_22test_replace_with_many
FN:2,_RINvNtCs8RRi2RJs6bh_14vass_reach_lib5utils17replace_with_manylINtNtCs1EFbPCGXlWb_5alloc3vec3VeclENCNvB2_s_22test_replace_with_many0EB4_
FN:16,_RNCNvNtCs8RRi2RJs6bh_14vass_reach_lib5utilss_22test_replace_with_many0B5_
FNDA:0,_RINvNtCs2hUxDLYgi0n_14vass_reach_lib5utils17replace_with_manypppEB4_
FNDA:1,_RNvNtCs8RRi2RJs6bh_14vass_reach_lib5utilss_22test_replace_with_many
FNDA:1,_RINvNtCs8RRi2RJs6bh_14vass_reach_lib5utils17replace_with_manylINtNtCs1EFbPCGXlWb_5alloc3vec3VeclENCNvB2_s_22test_replace_with_many0EB4_
FNDA:1,_RNCNvNtCs8RRi2RJs6bh_14vass_reach_lib5utilss_22test_replace_with_many0B5_
FNF:3
FNH:3
DA:2,1
DA:3,1
DA:4,1
DA:5,1
DA:7,1
DA:8,1
DA:9,1
DA:10,1
DA:11,1
DA:14,1
DA:15,1
DA:16,1
DA:17,1
DA:18,1
BRF:0
BRH:0
LF:15
LH:15
end_of_record
SF:/home/lemon/src/rust-automata/packages/vass-reach-lib/src/validation/mod.rs
FN:9,_RINvNtCs2hUxDLYgi0n_14vass_reach_lib10validation17test_parikh_imagepEB4_
FN:9,_RINvNtCs8RRi2RJs6bh_14vass_reach_lib10validation17test_parikh_imagepEB4_
FN:9,_RINvNtCs2hUxDLYgi0n_14vass_reach_lib10validation17test_parikh_imageINtNtNtB4_9automaton3dfa3DFAuNtNtNtB18_3cfg6update16CFGCounterUpdateEECseoIxkIhB6T8_12vass_z_reach
FNDA:0,_RINvNtCs2hUxDLYgi0n_14vass_reach_lib10validation17test_parikh_imagepEB4_
FNDA:0,_RINvNtCs8RRi2RJs6bh_14vass_reach_lib10validation17test_parikh_imagepEB4_
FNDA:3,_RINvNtCs2hUxDLYgi0n_14vass_reach_lib10validation17test_parikh_imageINtNtNtB4_9automaton3dfa3DFAuNtNtNtB18_3cfg6update16CFGCounterUpdateEECseoIxkIhB6T8_12vass_z_reach
FNF:1
FNH:1
DA:9,3
DA:10,3
DA:11,3
DA:12,3
DA:13,3
DA:14,3
DA:15,3
DA:16,3
DA:17,3
DA:19,3
DA:20,3
BRF:0
BRH:0
LF:11
LH:11
end_of_record
SF:/home/lemon/src/rust-automata/packages/vass-reach-lib/src/validation/same_language.rs
FN:8,_RINvNtNtCs2hUxDLYgi0n_14vass_reach_lib10validation13same_language13same_languageINtNtNtB6_9automaton3dfa3DFAmcEB1g_ECs43NobSSaLSd_3dfa
FN:33,_RINvNtNtCs2hUxDLYgi0n_14vass_reach_lib10validation13same_language20assert_same_languageINtNtNtB6_9automaton3dfa3DFAmcEB1n_ECs43NobSSaLSd_3dfa
FN:33,_RINvNtNtCs2hUxDLYgi0n_14vass_reach_lib10validation13same_language20assert_same_languageINtNtNtB6_9automaton3dfa3DFAmlEB1n_ECs43NobSSaLSd_3dfa
FN:70,_RINvNtNtCs2hUxDLYgi0n_14vass_reach_lib10validation13same_language23assert_inverse_languageINtNtNtB6_9automaton3dfa3DFAmcEB1q_ECs43NobSSaLSd_3dfa
FN:8,_RINvNtNtCs2hUxDLYgi0n_14vass_reach_lib10validation13same_language13same_languageppEB6_
FN:33,_RINvNtNtCs2hUxDLYgi0n_14vass_reach_lib10validation13same_language20assert_same_languageppEB6_
FN:106,_RINvNtNtCs2hUxDLYgi0n_14vass_reach_lib10validation13same_language22assert_subset_languageppEB6_
FN:70,_RINvNtNtCs2hUxDLYgi0n_14vass_reach_lib10validation13same_language23assert_inverse_languageppEB6_
FN:33,_RINvNtNtCs2hUxDLYgi0n_14vass_reach_lib10validation13same_language20assert_same_languageINtNtNtB6_9automaton3dfa3DFAuNtNtNtB1s_3cfg6update16CFGCounterUpdateEB1n_ECs3ATG82DPHTL_3lgs
FN:33,_RINvNtNtCs2hUxDLYgi0n_14vass_reach_lib10validation13same_language20assert_same_languageNtNtNtB6_9automaton3lsg14LinearSubGraphINtNtB1r_3dfa3DFAuNtNtNtB1r_3cfg6update16CFGCounterUpdateEECs3ATG82DPHTL_3lgs
FN:106,_RINvNtNtCs2hUxDLYgi0n_14vass_reach_lib10validation13same_language22assert_subset_languageINtNtNtB6_9automaton3dfa3DFAuNtNtNtB1u_3cfg6update16CFGCounterUpdateEB1p_ECsdx2WVSQjOLl_3ltc
FN:33,_RINvNtNtCs2hUxDLYgi0n_14vass_reach_lib10validation13same_language20assert_same_languageINtNtNtB6_9automaton3nfa3NFAmcEINtNtB1s_3dfa3DFAucEECsbz10sC9QTBK_3nfa
FN:33,_RINvNtNtCs2hUxDLYgi0n_14vass_reach_lib10validation13same_language20assert_same_languageINtNtNtB6_9automaton3nfa3NFAmcEINtNtB1s_3dfa3DFAucEECs5AE6hNTjqZK_13nfa_invariant
FN:8,_RINvNtNtCs8RRi2RJs6bh_14vass_reach_lib10validation13same_language13same_languageppEB6_
FN:33,_RINvNtNtCs8RRi2RJs6bh_14vass_reach_lib10validation13same_language20assert_same_languageppEB6_
FN:106,_RINvNtNtCs8RRi2RJs6bh_14vass_reach_lib10validation13same_language22assert_subset_languageppEB6_
FN:70,_RINvNtNtCs8RRi2RJs6bh_14vass_reach_lib10validation13same_language23assert_inverse_languageppEB6_
FNDA:4,_RINvNtNtCs2hUxDLYgi0n_14vass_reach_lib10validation13same_language13same_languageINtNtNtB6_9automaton3dfa3DFAmcEB1g_ECs43NobSSaLSd_3dfa
FNDA:1,_RINvNtNtCs2hUxDLYgi0n_14vass_reach_lib10validation13same_language20assert_same_languageINtNtNtB6_9automaton3dfa3DFAmcEB1n_ECs43NobSSaLSd_3dfa
FNDA:1,_RINvNtNtCs2hUxDLYgi0n_14vass_reach_lib10validation13same_language20assert_same_languageINtNtNtB6_9automaton3dfa3DFAmlEB1n_ECs43NobSSaLSd_3dfa
FNDA:1,_RINvNtNtCs2hUxDLYgi0n_14vass_reach_lib10validation13same_language23assert_inverse_languageINtNtNtB6_9automaton3dfa3DFAmcEB1q_ECs43NobSSaLSd_3dfa
FNDA:0,_RINvNtNtCs2hUxDLYgi0n_14vass_reach_lib10validation13same_language13same_languageppEB6_
FNDA:0,_RINvNtNtCs2hUxDLYgi0n_14vass_reach_lib10validation13same_language20assert_same_languageppEB6_
FNDA:0,_RINvNtNtCs2hUxDLYgi0n_14vass_reach_lib10validation13same_language22assert_subset_languageppEB6_
FNDA:0,_RINvNtNtCs2hUxDLYgi0n_14vass_reach_lib10validation13same_language23assert_inverse_languageppEB6_
FNDA:1,_RINvNtNtCs2hUxDLYgi0n_14vass_reach_lib10validation13same_language20assert_same_languageINtNtNtB6_9automaton3dfa3DFAuNtNtNtB1s_3cfg6update16CFGCounterUpdateEB1n_ECs3ATG82DPHTL_3lgs
FNDA:5,_RINvNtNtCs2hUxDLYgi0n_14vass_reach_lib10validation13same_language20assert_same_languageNtNtNtB6_9automaton3lsg14LinearSubGraphINtNtB1r_3dfa3DFAuNtNtNtB1r_3cfg6update16CFGCounterUpdateEECs3ATG82DPHTL_3lgs
FNDA:2,_RINvNtNtCs2hUxDLYgi0n_14vass_reach_lib10validation13same_language22assert_subset_languageINtNtNtB6_9automaton3dfa3DFAuNtNtNtB1u_3cfg6update16CFGCounterUpdateEB1p_ECsdx2WVSQjOLl_3ltc
FNDA:4,_RINvNtNtCs2hUxDLYgi0n_14vass_reach_lib10validation13same_language20assert_same_languageINtNtNtB6_9automaton3nfa3NFAmcEINtNtB1s_3dfa3DFAucEECsbz10sC9QTBK_3nfa
FNDA:2,_RINvNtNtCs2hUxDLYgi0n_14vass_reach_lib10validation13same_language20assert_same_languageINtNtNtB6_9automaton3nfa3NFAmcEINtNtB1s_3dfa3DFAucEECs5AE6hNTjqZK_13nfa_invariant
FNDA:0,_RINvNtNtCs8RRi2RJs6bh_14vass_reach_lib10validation13same_language13same_languageppEB6_
FNDA:0,_RINvNtNtCs8RRi2RJs6bh_14vass_reach_lib10validation13same_language20assert_same_languageppEB6_
FNDA:0,_RINvNtNtCs8RRi2RJs6bh_14vass_reach_lib10validation13same_language22assert_subset_languageppEB6_
FNDA:0,_RINvNtNtCs8RRi2RJs6bh_14vass_reach_lib10validation13same_language23assert_inverse_languageppEB6_
FNF:4
FNH:4
DA:8,4
DA:9,4
DA:10,4
DA:11,4
DA:12,4
DA:14,4
DA:15,0
DA:16,4
DA:18,38
DA:19,38
DA:21,23901
DA:22,23901
DA:23,23901
DA:24,0
DA:25,0
DA:26,23901
DA:30,4
DA:31,4
DA:33,14
DA:34,14
DA:35,14
DA:36,14
DA:37,14
DA:39,14
DA:40,0
DA:41,14
DA:43,100
DA:44,100
DA:46,27033
DA:47,27033
DA:48,27033
DA:50,0
DA:56,0
DA:61,27033
DA:65,14
DA:70,1
DA:71,1
DA:72,1
DA:73,1
DA:74,1
DA:76,1
DA:77,0
DA:78,1
DA:80,6
DA:81,6
DA:83,63
DA:84,63
DA:85,63
DA:87,0
DA:93,0
DA:98,63
DA:102,1
DA:106,2
DA:107,2
DA:108,2
DA:109,2
DA:110,2
DA:112,2
DA:113,0
DA:114,2
DA:116,12
DA:117,12
DA:119,18662
DA:120,18662
DA:123,18662
DA:125,0
DA:130,18662
DA:134,2
BRF:0
BRH:0
LF:68
LH:57
end_of_record